<?xml version="1.0" encoding="UTF-8"?>
<!-- Generated by org.testng.reporters.JUnitReportReporter -->
<testsuite hostname="DESKTOP-S76SA9N" failures="0" tests="13" name="runner.approval.HRISTableDataCutiRunner" time="470.562" errors="0" timestamp="2022-07-13T01:46:46 ICT" skipped="0">
  <testcase classname="runner.approval.HRISTableDataCutiRunner" name="runScenario" time="29.159"/>
  <system-out/>
  <testcase classname="runner.approval.HRISTableDataCutiRunner" name="runScenario" time="30.371"/>
  <system-out/>
  <testcase classname="runner.approval.HRISTableDataCutiRunner" name="runScenario" time="28.179"/>
  <system-out/>
  <testcase classname="runner.approval.HRISTableDataCutiRunner" name="runScenario" time="49.827"/>
  <system-out/>
  <testcase classname="runner.approval.HRISTableDataCutiRunner" name="runScenario" time="30.514"/>
  <system-out/>
  <testcase classname="runner.approval.HRISTableDataCutiRunner" name="runScenario" time="28.976"/>
  <system-out/>
  <testcase classname="runner.approval.HRISTableDataCutiRunner" name="runScenario" time="32.977"/>
  <system-out/>
  <testcase classname="runner.approval.HRISTableDataCutiRunner" name="runScenario" time="60.339"/>
  <system-out/>
  <testcase classname="runner.approval.HRISTableDataCutiRunner" name="runScenario" time="36.334"/>
  <system-out/>
  <testcase classname="runner.approval.HRISTableDataCutiRunner" name="runScenario" time="30.549"/>
  <system-out/>
  <testcase classname="runner.approval.HRISTableDataCutiRunner" name="runScenario" time="52.060"/>
  <system-out/>
  <testcase classname="runner.approval.HRISTableDataCutiRunner" name="runScenario" time="30.271"/>
  <system-out/>
  <testcase classname="runner.approval.HRISTableDataCutiRunner" name="runScenario" time="31.006"/>
  <system-out/>
</testsuite> <!-- runner.approval.HRISTableDataCutiRunner -->
