<?xml version="1.0" encoding="UTF-8"?>
<!-- Generated by org.testng.reporters.JUnitReportReporter -->
<testsuite hostname="DESKTOP-S76SA9N" failures="2" tests="26" name="runner.pengajuan.HRISCountTanggalCutiRunner" time="431.281" errors="0" timestamp="2022-07-13T01:46:46 ICT" skipped="0">
  <testcase classname="runner.pengajuan.HRISCountTanggalCutiRunner" name="runScenario" time="13.266"/>
  <system-out/>
  <testcase classname="runner.pengajuan.HRISCountTanggalCutiRunner" name="runScenario" time="16.925"/>
  <system-out/>
  <testcase classname="runner.pengajuan.HRISCountTanggalCutiRunner" name="runScenario" time="17.663"/>
  <system-out/>
  <testcase classname="runner.pengajuan.HRISCountTanggalCutiRunner" name="runScenario" time="16.847"/>
  <system-out/>
  <testcase classname="runner.pengajuan.HRISCountTanggalCutiRunner" name="runScenario" time="16.797"/>
  <system-out/>
  <testcase classname="runner.pengajuan.HRISCountTanggalCutiRunner" name="runScenario" time="17.648"/>
  <system-out/>
  <testcase classname="runner.pengajuan.HRISCountTanggalCutiRunner" name="runScenario" time="17.373"/>
  <system-out/>
  <testcase classname="runner.pengajuan.HRISCountTanggalCutiRunner" name="runScenario" time="13.300"/>
  <system-out/>
  <testcase classname="runner.pengajuan.HRISCountTanggalCutiRunner" name="runScenario" time="13.808"/>
  <system-out/>
  <testcase classname="runner.pengajuan.HRISCountTanggalCutiRunner" name="runScenario" time="18.237">
    <failure message="expected [true] but found [false]" type="java.lang.AssertionError">
      <![CDATA[java.lang.AssertionError: expected [true] but found [false]
at org.testng.Assert.fail(Assert.java:110)
at org.testng.Assert.failNotEquals(Assert.java:1413)
at org.testng.Assert.assertTrue(Assert.java:56)
at org.testng.Assert.assertTrue(Assert.java:66)
at definitions.data.HRISBukcetDataDefine.countEquals(HRISBukcetDataDefine.java:589)
at ✽.Count equals 0(file:///D:/Project/Java/TestNG/HRIS/src/test/resources/features/003-MODUL%20PENGAJUAN%20CUTI/HRISCountTanggalCuti.feature:122)
]]>
    </failure>
  </testcase> <!-- runScenario -->
  <system-out>
    <![CDATA[<img src='file://D:\Project\Java\TestNG\HRIS\src\test\resources\SS\20220713_013853Count date as expected.PNG'height="350" width="792"/>]]>
  </system-out>
  <testcase classname="runner.pengajuan.HRISCountTanggalCutiRunner" name="runScenario" time="17.000"/>
  <system-out/>
  <testcase classname="runner.pengajuan.HRISCountTanggalCutiRunner" name="runScenario" time="18.570"/>
  <system-out/>
  <testcase classname="runner.pengajuan.HRISCountTanggalCutiRunner" name="runScenario" time="21.938"/>
  <system-out/>
  <testcase classname="runner.pengajuan.HRISCountTanggalCutiRunner" name="runScenario" time="12.531"/>
  <system-out/>
  <testcase classname="runner.pengajuan.HRISCountTanggalCutiRunner" name="runScenario" time="17.194"/>
  <system-out/>
  <testcase classname="runner.pengajuan.HRISCountTanggalCutiRunner" name="runScenario" time="18.239">
    <failure message="expected [true] but found [false]" type="java.lang.AssertionError">
      <![CDATA[java.lang.AssertionError: expected [true] but found [false]
at org.testng.Assert.fail(Assert.java:110)
at org.testng.Assert.failNotEquals(Assert.java:1413)
at org.testng.Assert.assertTrue(Assert.java:56)
at org.testng.Assert.assertTrue(Assert.java:66)
at definitions.data.HRISBukcetDataDefine.countEquals(HRISBukcetDataDefine.java:589)
at ✽.Count equals 3(file:///D:/Project/Java/TestNG/HRIS/src/test/resources/features/003-MODUL%20PENGAJUAN%20CUTI/HRISCountTanggalCuti.feature:122)
]]>
    </failure>
  </testcase> <!-- runScenario -->
  <system-out>
    <![CDATA[<img src='file://D:\Project\Java\TestNG\HRIS\src\test\resources\SS\20220713_013814Count date as expected.PNG'height="350" width="792"/>]]>
  </system-out>
  <testcase classname="runner.pengajuan.HRISCountTanggalCutiRunner" name="runScenario" time="21.095"/>
  <system-out/>
  <testcase classname="runner.pengajuan.HRISCountTanggalCutiRunner" name="runScenario" time="17.330"/>
  <system-out/>
  <testcase classname="runner.pengajuan.HRISCountTanggalCutiRunner" name="runScenario" time="17.719"/>
  <system-out/>
  <testcase classname="runner.pengajuan.HRISCountTanggalCutiRunner" name="runScenario" time="14.084"/>
  <system-out/>
  <testcase classname="runner.pengajuan.HRISCountTanggalCutiRunner" name="runScenario" time="12.470"/>
  <system-out/>
  <testcase classname="runner.pengajuan.HRISCountTanggalCutiRunner" name="runScenario" time="14.033"/>
  <system-out/>
  <testcase classname="runner.pengajuan.HRISCountTanggalCutiRunner" name="runScenario" time="16.986"/>
  <system-out/>
  <testcase classname="runner.pengajuan.HRISCountTanggalCutiRunner" name="runScenario" time="20.783"/>
  <system-out/>
  <testcase classname="runner.pengajuan.HRISCountTanggalCutiRunner" name="runScenario" time="12.512"/>
  <system-out/>
  <testcase classname="runner.pengajuan.HRISCountTanggalCutiRunner" name="runScenario" time="16.933"/>
  <system-out/>
</testsuite> <!-- runner.pengajuan.HRISCountTanggalCutiRunner -->
