<?xml version="1.0" encoding="UTF-8"?>
<!-- Generated by org.testng.reporters.JUnitReportReporter -->
<testsuite hostname="DESKTOP-S76SA9N" failures="0" tests="4" name="runner.approval.HRISCloseModalRunner" time="129.027" errors="0" timestamp="2022-07-13T01:46:46 ICT" skipped="0">
  <testcase classname="runner.approval.HRISCloseModalRunner" name="runScenario" time="31.186"/>
  <system-out/>
  <testcase classname="runner.approval.HRISCloseModalRunner" name="runScenario" time="32.978"/>
  <system-out/>
  <testcase classname="runner.approval.HRISCloseModalRunner" name="runScenario" time="36.384"/>
  <system-out/>
  <testcase classname="runner.approval.HRISCloseModalRunner" name="runScenario" time="28.479"/>
  <system-out/>
</testsuite> <!-- runner.approval.HRISCloseModalRunner -->
