<?xml version="1.0" encoding="UTF-8"?>
<!-- Generated by org.testng.reporters.JUnitReportReporter -->
<testsuite hostname="DESKTOP-S76SA9N" failures="2" tests="4" name="runner.approval.HRISActionReturnRunner" time="157.597" errors="0" timestamp="2022-07-14T21:24:32 ICT" skipped="0">
  <testcase classname="runner.approval.HRISActionReturnRunner" name="runScenario" time="31.979">
    <failure message="expected [false] but found [true]" type="java.lang.AssertionError">
      <![CDATA[java.lang.AssertionError: expected [false] but found [true]
at org.testng.Assert.fail(Assert.java:110)
at org.testng.Assert.failNotEquals(Assert.java:1413)
at org.testng.Assert.assertFalse(Assert.java:78)
at org.testng.Assert.assertFalse(Assert.java:88)
at definitions.data.HRISBukcetDataDefine.validateModalAction(HRISBukcetDataDefine.java:926)
at ✽.User validate modal action "return"(file:///D:/Project/Java/TestNG/HRIS/src/test/resources/features/003-MODUL%20APPROVAL/HRISActionReturn.feature:83)
]]>
    </failure>
  </testcase> <!-- runScenario -->
  <system-out>
    <![CDATA[<img src='file://D:\Project\Java\TestNG\HRIS\src\test\resources\SS\20220714_204134.PNG'height="350" width="792"/>]]>
  </system-out>
  <testcase classname="runner.approval.HRISActionReturnRunner" name="runScenario" time="50.048"/>
  <system-out/>
  <testcase classname="runner.approval.HRISActionReturnRunner" name="runScenario" time="39.780"/>
  <system-out/>
  <testcase classname="runner.approval.HRISActionReturnRunner" name="runScenario" time="35.790">
    <failure message="expected [true] but found [false]" type="java.lang.AssertionError">
      <![CDATA[java.lang.AssertionError: expected [true] but found [false]
at org.testng.Assert.fail(Assert.java:110)
at org.testng.Assert.failNotEquals(Assert.java:1413)
at org.testng.Assert.assertTrue(Assert.java:56)
at org.testng.Assert.assertTrue(Assert.java:66)
at definitions.data.HRISBukcetDataDefine.validateApprovalNotes(HRISBukcetDataDefine.java:764)
at ✽.User validate approval notes "return" button(file:///D:/Project/Java/TestNG/HRIS/src/test/resources/features/003-MODUL%20APPROVAL/HRISActionReturn.feature:51)
]]>
    </failure>
  </testcase> <!-- runScenario -->
  <system-out>
    <![CDATA[<img src='file://D:\Project\Java\TestNG\HRIS\src\test\resources\SS\20220714_204102.PNG'height="350" width="792"/>]]>
  </system-out>
</testsuite> <!-- runner.approval.HRISActionReturnRunner -->
