<?xml version="1.0" encoding="UTF-8"?>
<!-- Generated by org.testng.reporters.JUnitReportReporter -->
<testsuite hostname="DESKTOP-S76SA9N" failures="0" tests="4" name="runner.signature.HRISDrawSignatureMNGRRunner" time="53.177" errors="0" timestamp="2022-07-13T01:46:46 ICT" skipped="0">
  <testcase classname="runner.signature.HRISDrawSignatureMNGRRunner" name="runScenario" time="11.778"/>
  <system-out/>
  <testcase classname="runner.signature.HRISDrawSignatureMNGRRunner" name="runScenario" time="14.744"/>
  <system-out/>
  <testcase classname="runner.signature.HRISDrawSignatureMNGRRunner" name="runScenario" time="13.509"/>
  <system-out/>
  <testcase classname="runner.signature.HRISDrawSignatureMNGRRunner" name="runScenario" time="13.146"/>
  <system-out/>
</testsuite> <!-- runner.signature.HRISDrawSignatureMNGRRunner -->
