<?xml version="1.0" encoding="UTF-8"?>
<!-- Generated by org.testng.reporters.JUnitReportReporter -->
<testsuite hostname="DESKTOP-S76SA9N" failures="0" tests="4" name="runner.dashboard.HRISDashboardSPVRunner" time="32.326" errors="0" timestamp="2022-07-10T22:47:09 ICT" skipped="0">
  <testcase classname="runner.dashboard.HRISDashboardSPVRunner" name="runScenario" time="8.400"/>
  <system-out/>
  <testcase classname="runner.dashboard.HRISDashboardSPVRunner" name="runScenario" time="8.914"/>
  <system-out/>
  <testcase classname="runner.dashboard.HRISDashboardSPVRunner" name="runScenario" time="6.925"/>
  <system-out/>
  <testcase classname="runner.dashboard.HRISDashboardSPVRunner" name="runScenario" time="8.087"/>
  <system-out/>
</testsuite> <!-- runner.dashboard.HRISDashboardSPVRunner -->
