<?xml version="1.0" encoding="UTF-8"?>
<!-- Generated by org.testng.reporters.JUnitReportReporter -->
<testsuite hostname="DESKTOP-S76SA9N" failures="0" tests="12" name="runner.general.HRISLoginRunner" time="182.646" errors="0" timestamp="2022-07-08T06:13:38 ICT" skipped="0">
  <testcase classname="runner.general.HRISLoginRunner" name="runScenario" time="22.236"/>
  <system-out/>
  <testcase classname="runner.general.HRISLoginRunner" name="runScenario" time="11.162"/>
  <system-out/>
  <testcase classname="runner.general.HRISLoginRunner" name="runScenario" time="10.935"/>
  <system-out/>
  <testcase classname="runner.general.HRISLoginRunner" name="runScenario" time="22.247"/>
  <system-out/>
  <testcase classname="runner.general.HRISLoginRunner" name="runScenario" time="10.853"/>
  <system-out/>
  <testcase classname="runner.general.HRISLoginRunner" name="runScenario" time="10.534"/>
  <system-out/>
  <testcase classname="runner.general.HRISLoginRunner" name="runScenario" time="10.405"/>
  <system-out/>
  <testcase classname="runner.general.HRISLoginRunner" name="runScenario" time="21.816"/>
  <system-out/>
  <testcase classname="runner.general.HRISLoginRunner" name="runScenario" time="21.940"/>
  <system-out/>
  <testcase classname="runner.general.HRISLoginRunner" name="runScenario" time="13.324"/>
  <system-out/>
  <testcase classname="runner.general.HRISLoginRunner" name="runScenario" time="10.146"/>
  <system-out/>
  <testcase classname="runner.general.HRISLoginRunner" name="runScenario" time="17.048"/>
  <system-out/>
</testsuite> <!-- runner.general.HRISLoginRunner -->
