<?xml version="1.0" encoding="UTF-8"?>
<!-- Generated by org.testng.reporters.JUnitReportReporter -->
<testsuite hostname="DESKTOP-S76SA9N" failures="0" tests="4" name="runner.signature.HRISDrawSignatureMNGRRunner" time="68.044" errors="0" timestamp="2022-07-12T09:39:24 ICT" skipped="0">
  <testcase classname="runner.signature.HRISDrawSignatureMNGRRunner" name="runScenario" time="15.167"/>
  <system-out/>
  <testcase classname="runner.signature.HRISDrawSignatureMNGRRunner" name="runScenario" time="12.276"/>
  <system-out/>
  <testcase classname="runner.signature.HRISDrawSignatureMNGRRunner" name="runScenario" time="22.263"/>
  <system-out/>
  <testcase classname="runner.signature.HRISDrawSignatureMNGRRunner" name="runScenario" time="18.338"/>
  <system-out/>
</testsuite> <!-- runner.signature.HRISDrawSignatureMNGRRunner -->
