<?xml version="1.0" encoding="UTF-8"?>
<!-- Generated by org.testng.reporters.JUnitReportReporter -->
<testsuite hostname="DESKTOP-S76SA9N" failures="0" tests="2" name="runner.pengajuan.HRISStepKeepSessionRunner" time="67.228" errors="0" timestamp="2022-07-07T15:15:56 ICT" skipped="0">
  <testcase classname="runner.pengajuan.HRISStepKeepSessionRunner" name="runScenario" time="37.642"/>
  <system-out/>
  <testcase classname="runner.pengajuan.HRISStepKeepSessionRunner" name="runScenario" time="29.586"/>
  <system-out/>
</testsuite> <!-- runner.pengajuan.HRISStepKeepSessionRunner -->
