<?xml version="1.0" encoding="UTF-8"?>
<!-- Generated by org.testng.reporters.JUnitReportReporter -->
<testsuite hostname="DESKTOP-S76SA9N" failures="0" tests="2" name="runner.login.HRISPageSignInMNGRRunner" time="15.853" errors="0" timestamp="2022-07-13T01:46:46 ICT" skipped="0">
  <testcase classname="runner.login.HRISPageSignInMNGRRunner" name="runScenario" time="7.601"/>
  <system-out/>
  <testcase classname="runner.login.HRISPageSignInMNGRRunner" name="runScenario" time="8.252"/>
  <system-out/>
</testsuite> <!-- runner.login.HRISPageSignInMNGRRunner -->
