<?xml version="1.0" encoding="UTF-8"?>
<!-- Generated by org.testng.reporters.JUnitReportReporter -->
<testsuite hostname="DESKTOP-S76SA9N" failures="5" tests="19" name="runner.pengajuan.HRISSearchAndEntriesRunner" time="258.483" errors="0" timestamp="2022-07-09T02:32:38 ICT" skipped="0">
  <testcase classname="runner.pengajuan.HRISSearchAndEntriesRunner" name="runScenario" time="15.522"/>
  <system-out/>
  <testcase classname="runner.pengajuan.HRISSearchAndEntriesRunner" name="runScenario" time="15.616"/>
  <system-out/>
  <testcase classname="runner.pengajuan.HRISSearchAndEntriesRunner" name="runScenario" time="11.302">
    <failure message="expected [true] but found [false]" type="java.lang.AssertionError">
      <![CDATA[java.lang.AssertionError: expected [true] but found [false]
at org.testng.Assert.fail(Assert.java:110)
at org.testng.Assert.failNotEquals(Assert.java:1413)
at org.testng.Assert.assertTrue(Assert.java:56)
at org.testng.Assert.assertTrue(Assert.java:66)
at definitions.data.HRISBukcetDataDefine.validateSearch(HRISBukcetDataDefine.java:307)
at ✽.User validate search Annual(file:///D:/Project/Java/TestNG/HRIS/src/test/resources/features/003-MODUL%20PENGAJUAN%20CUTI/HRISSearchAndEntries.feature:41)
]]>
    </failure>
  </testcase> <!-- runScenario -->
  <system-out/>
  <testcase classname="runner.pengajuan.HRISSearchAndEntriesRunner" name="runScenario" time="10.587">
    <failure message="expected [true] but found [false]" type="java.lang.AssertionError">
      <![CDATA[java.lang.AssertionError: expected [true] but found [false]
at org.testng.Assert.fail(Assert.java:110)
at org.testng.Assert.failNotEquals(Assert.java:1413)
at org.testng.Assert.assertTrue(Assert.java:56)
at org.testng.Assert.assertTrue(Assert.java:66)
at definitions.data.HRISBukcetDataDefine.validateSearch(HRISBukcetDataDefine.java:307)
at ✽.User validate search 90(file:///D:/Project/Java/TestNG/HRIS/src/test/resources/features/003-MODUL%20PENGAJUAN%20CUTI/HRISSearchAndEntries.feature:41)
]]>
    </failure>
  </testcase> <!-- runScenario -->
  <system-out/>
  <testcase classname="runner.pengajuan.HRISSearchAndEntriesRunner" name="runScenario" time="15.506"/>
  <system-out/>
  <testcase classname="runner.pengajuan.HRISSearchAndEntriesRunner" name="runScenario" time="15.763"/>
  <system-out/>
  <testcase classname="runner.pengajuan.HRISSearchAndEntriesRunner" name="runScenario" time="16.006"/>
  <system-out/>
  <testcase classname="runner.pengajuan.HRISSearchAndEntriesRunner" name="runScenario" time="15.632"/>
  <system-out/>
  <testcase classname="runner.pengajuan.HRISSearchAndEntriesRunner" name="runScenario" time="15.730"/>
  <system-out/>
  <testcase classname="runner.pengajuan.HRISSearchAndEntriesRunner" name="runScenario" time="10.636">
    <failure message="expected [true] but found [false]" type="java.lang.AssertionError">
      <![CDATA[java.lang.AssertionError: expected [true] but found [false]
at org.testng.Assert.fail(Assert.java:110)
at org.testng.Assert.failNotEquals(Assert.java:1413)
at org.testng.Assert.assertTrue(Assert.java:56)
at org.testng.Assert.assertTrue(Assert.java:66)
at definitions.data.HRISBukcetDataDefine.validateSearch(HRISBukcetDataDefine.java:307)
at ✽.User validate search November(file:///D:/Project/Java/TestNG/HRIS/src/test/resources/features/003-MODUL%20PENGAJUAN%20CUTI/HRISSearchAndEntries.feature:41)
]]>
    </failure>
  </testcase> <!-- runScenario -->
  <system-out/>
  <testcase classname="runner.pengajuan.HRISSearchAndEntriesRunner" name="runScenario" time="16.401"/>
  <system-out/>
  <testcase classname="runner.pengajuan.HRISSearchAndEntriesRunner" name="runScenario" time="9.469"/>
  <system-out/>
  <testcase classname="runner.pengajuan.HRISSearchAndEntriesRunner" name="runScenario" time="11.584">
    <failure message="expected [true] but found [false]" type="java.lang.AssertionError">
      <![CDATA[java.lang.AssertionError: expected [true] but found [false]
at org.testng.Assert.fail(Assert.java:110)
at org.testng.Assert.failNotEquals(Assert.java:1413)
at org.testng.Assert.assertTrue(Assert.java:56)
at org.testng.Assert.assertTrue(Assert.java:66)
at definitions.data.HRISBukcetDataDefine.validateSearch(HRISBukcetDataDefine.java:307)
at ✽.User validate search Khitanan(file:///D:/Project/Java/TestNG/HRIS/src/test/resources/features/003-MODUL%20PENGAJUAN%20CUTI/HRISSearchAndEntries.feature:41)
]]>
    </failure>
  </testcase> <!-- runScenario -->
  <system-out/>
  <testcase classname="runner.pengajuan.HRISSearchAndEntriesRunner" name="runScenario" time="15.592"/>
  <system-out/>
  <testcase classname="runner.pengajuan.HRISSearchAndEntriesRunner" name="runScenario" time="11.049"/>
  <system-out/>
  <testcase classname="runner.pengajuan.HRISSearchAndEntriesRunner" name="runScenario" time="15.599"/>
  <system-out/>
  <testcase classname="runner.pengajuan.HRISSearchAndEntriesRunner" name="runScenario" time="16.140"/>
  <system-out/>
  <testcase classname="runner.pengajuan.HRISSearchAndEntriesRunner" name="runScenario" time="8.719"/>
  <system-out/>
  <testcase classname="runner.pengajuan.HRISSearchAndEntriesRunner" name="runScenario" time="11.630">
    <failure message="expected [true] but found [false]" type="java.lang.AssertionError">
      <![CDATA[java.lang.AssertionError: expected [true] but found [false]
at org.testng.Assert.fail(Assert.java:110)
at org.testng.Assert.failNotEquals(Assert.java:1413)
at org.testng.Assert.assertTrue(Assert.java:56)
at org.testng.Assert.assertTrue(Assert.java:66)
at definitions.data.HRISBukcetDataDefine.validateSearch(HRISBukcetDataDefine.java:307)
at ✽.User validate search Request(file:///D:/Project/Java/TestNG/HRIS/src/test/resources/features/003-MODUL%20PENGAJUAN%20CUTI/HRISSearchAndEntries.feature:41)
]]>
    </failure>
  </testcase> <!-- runScenario -->
  <system-out/>
</testsuite> <!-- runner.pengajuan.HRISSearchAndEntriesRunner -->
