<?xml version="1.0" encoding="UTF-8"?>
<!-- Generated by org.testng.reporters.JUnitReportReporter -->
<testsuite hostname="DESKTOP-S76SA9N" failures="0" tests="2" name="runner.pengajuan.HRISSubmitRunner" time="35.101" errors="0" timestamp="2022-07-10T08:40:47 ICT" skipped="0">
  <testcase classname="runner.pengajuan.HRISSubmitRunner" name="runScenario" time="11.478"/>
  <system-out/>
  <testcase classname="runner.pengajuan.HRISSubmitRunner" name="runScenario" time="23.623"/>
  <system-out/>
</testsuite> <!-- runner.pengajuan.HRISSubmitRunner -->
