<?xml version="1.0" encoding="UTF-8"?>
<!-- Generated by org.testng.reporters.JUnitReportReporter -->
<testsuite hostname="DESKTOP-S76SA9N" failures="2" tests="26" name="runner.pengajuan.HRISCountTanggalCutiRunner" time="396.476" errors="0" timestamp="2022-07-10T22:47:09 ICT" skipped="0">
  <testcase classname="runner.pengajuan.HRISCountTanggalCutiRunner" name="runScenario" time="15.432"/>
  <system-out/>
  <testcase classname="runner.pengajuan.HRISCountTanggalCutiRunner" name="runScenario" time="15.209"/>
  <system-out/>
  <testcase classname="runner.pengajuan.HRISCountTanggalCutiRunner" name="runScenario" time="15.751"/>
  <system-out/>
  <testcase classname="runner.pengajuan.HRISCountTanggalCutiRunner" name="runScenario" time="16.656"/>
  <system-out/>
  <testcase classname="runner.pengajuan.HRISCountTanggalCutiRunner" name="runScenario" time="17.748"/>
  <system-out/>
  <testcase classname="runner.pengajuan.HRISCountTanggalCutiRunner" name="runScenario" time="16.594">
    <failure message="expected [true] but found [false]" type="java.lang.AssertionError">
      <![CDATA[java.lang.AssertionError: expected [true] but found [false]
at org.testng.Assert.fail(Assert.java:110)
at org.testng.Assert.failNotEquals(Assert.java:1413)
at org.testng.Assert.assertTrue(Assert.java:56)
at org.testng.Assert.assertTrue(Assert.java:66)
at definitions.data.HRISBukcetDataDefine.countEquals(HRISBukcetDataDefine.java:592)
at ✽.Count equals 0(file:///D:/Project/Java/TestNG/HRIS/src/test/resources/features/003-MODUL%20PENGAJUAN%20CUTI/HRISCountTanggalCuti.feature:122)
]]>
    </failure>
  </testcase> <!-- runScenario -->
  <system-out/>
  <testcase classname="runner.pengajuan.HRISCountTanggalCutiRunner" name="runScenario" time="11.775"/>
  <system-out/>
  <testcase classname="runner.pengajuan.HRISCountTanggalCutiRunner" name="runScenario" time="17.492"/>
  <system-out/>
  <testcase classname="runner.pengajuan.HRISCountTanggalCutiRunner" name="runScenario" time="11.248"/>
  <system-out/>
  <testcase classname="runner.pengajuan.HRISCountTanggalCutiRunner" name="runScenario" time="19.782"/>
  <system-out/>
  <testcase classname="runner.pengajuan.HRISCountTanggalCutiRunner" name="runScenario" time="11.770"/>
  <system-out/>
  <testcase classname="runner.pengajuan.HRISCountTanggalCutiRunner" name="runScenario" time="11.262"/>
  <system-out/>
  <testcase classname="runner.pengajuan.HRISCountTanggalCutiRunner" name="runScenario" time="16.790"/>
  <system-out/>
  <testcase classname="runner.pengajuan.HRISCountTanggalCutiRunner" name="runScenario" time="16.002"/>
  <system-out/>
  <testcase classname="runner.pengajuan.HRISCountTanggalCutiRunner" name="runScenario" time="15.262"/>
  <system-out/>
  <testcase classname="runner.pengajuan.HRISCountTanggalCutiRunner" name="runScenario" time="12.134"/>
  <system-out/>
  <testcase classname="runner.pengajuan.HRISCountTanggalCutiRunner" name="runScenario" time="11.388"/>
  <system-out/>
  <testcase classname="runner.pengajuan.HRISCountTanggalCutiRunner" name="runScenario" time="11.366"/>
  <system-out/>
  <testcase classname="runner.pengajuan.HRISCountTanggalCutiRunner" name="runScenario" time="11.440"/>
  <system-out/>
  <testcase classname="runner.pengajuan.HRISCountTanggalCutiRunner" name="runScenario" time="16.664"/>
  <system-out/>
  <testcase classname="runner.pengajuan.HRISCountTanggalCutiRunner" name="runScenario" time="15.266"/>
  <system-out/>
  <testcase classname="runner.pengajuan.HRISCountTanggalCutiRunner" name="runScenario" time="16.302">
    <failure message="expected [true] but found [false]" type="java.lang.AssertionError">
      <![CDATA[java.lang.AssertionError: expected [true] but found [false]
at org.testng.Assert.fail(Assert.java:110)
at org.testng.Assert.failNotEquals(Assert.java:1413)
at org.testng.Assert.assertTrue(Assert.java:56)
at org.testng.Assert.assertTrue(Assert.java:66)
at definitions.data.HRISBukcetDataDefine.countEquals(HRISBukcetDataDefine.java:592)
at ✽.Count equals 3(file:///D:/Project/Java/TestNG/HRIS/src/test/resources/features/003-MODUL%20PENGAJUAN%20CUTI/HRISCountTanggalCuti.feature:122)
]]>
    </failure>
  </testcase> <!-- runScenario -->
  <system-out/>
  <testcase classname="runner.pengajuan.HRISCountTanggalCutiRunner" name="runScenario" time="22.227"/>
  <system-out/>
  <testcase classname="runner.pengajuan.HRISCountTanggalCutiRunner" name="runScenario" time="15.631"/>
  <system-out/>
  <testcase classname="runner.pengajuan.HRISCountTanggalCutiRunner" name="runScenario" time="16.171"/>
  <system-out/>
  <testcase classname="runner.pengajuan.HRISCountTanggalCutiRunner" name="runScenario" time="19.114"/>
  <system-out/>
</testsuite> <!-- runner.pengajuan.HRISCountTanggalCutiRunner -->
