<?xml version="1.0" encoding="UTF-8"?>
<!-- Generated by org.testng.reporters.JUnitReportReporter -->
<testsuite hostname="DESKTOP-S76SA9N" failures="0" tests="6" name="runner.HRISLoginRunner" time="40.508" errors="0" timestamp="2022-07-05T19:55:54 ICT" skipped="0">
  <testcase classname="runner.HRISLoginRunner" name="runScenario" time="9.958"/>
  <system-out/>
  <testcase classname="runner.HRISLoginRunner" name="runScenario" time="6.396"/>
  <system-out/>
  <testcase classname="runner.HRISLoginRunner" name="runScenario" time="6.055"/>
  <system-out/>
  <testcase classname="runner.HRISLoginRunner" name="runScenario" time="6.106"/>
  <system-out/>
  <testcase classname="runner.HRISLoginRunner" name="runScenario" time="5.623"/>
  <system-out/>
  <testcase classname="runner.HRISLoginRunner" name="runScenario" time="6.370"/>
  <system-out/>
</testsuite> <!-- runner.HRISLoginRunner -->
