<?xml version="1.0" encoding="UTF-8"?>
<!-- Generated by org.testng.reporters.JUnitReportReporter -->
<testsuite hostname="DESKTOP-S76SA9N" failures="0" tests="13" name="runner.approval.HRISTableDataCutiRunner" time="515.197" errors="0" timestamp="2022-07-12T09:39:24 ICT" skipped="0">
  <testcase classname="runner.approval.HRISTableDataCutiRunner" name="runScenario" time="32.263"/>
  <system-out/>
  <testcase classname="runner.approval.HRISTableDataCutiRunner" name="runScenario" time="31.147"/>
  <system-out/>
  <testcase classname="runner.approval.HRISTableDataCutiRunner" name="runScenario" time="33.552"/>
  <system-out/>
  <testcase classname="runner.approval.HRISTableDataCutiRunner" name="runScenario" time="32.132"/>
  <system-out/>
  <testcase classname="runner.approval.HRISTableDataCutiRunner" name="runScenario" time="58.906"/>
  <system-out/>
  <testcase classname="runner.approval.HRISTableDataCutiRunner" name="runScenario" time="33.674"/>
  <system-out/>
  <testcase classname="runner.approval.HRISTableDataCutiRunner" name="runScenario" time="55.308"/>
  <system-out/>
  <testcase classname="runner.approval.HRISTableDataCutiRunner" name="runScenario" time="40.939"/>
  <system-out/>
  <testcase classname="runner.approval.HRISTableDataCutiRunner" name="runScenario" time="63.652"/>
  <system-out/>
  <testcase classname="runner.approval.HRISTableDataCutiRunner" name="runScenario" time="34.277"/>
  <system-out/>
  <testcase classname="runner.approval.HRISTableDataCutiRunner" name="runScenario" time="31.149"/>
  <system-out/>
  <testcase classname="runner.approval.HRISTableDataCutiRunner" name="runScenario" time="31.314"/>
  <system-out/>
  <testcase classname="runner.approval.HRISTableDataCutiRunner" name="runScenario" time="36.884"/>
  <system-out/>
</testsuite> <!-- runner.approval.HRISTableDataCutiRunner -->
