<?xml version="1.0" encoding="UTF-8"?>
<!-- Generated by org.testng.reporters.JUnitReportReporter -->
<testsuite hostname="DESKTOP-S76SA9N" failures="0" tests="2" name="runner.login.HRISPageSignInMNGRRunner" time="13.641" errors="0" timestamp="2022-07-09T00:08:07 ICT" skipped="0">
  <testcase classname="runner.login.HRISPageSignInMNGRRunner" name="runScenario" time="7.976"/>
  <system-out/>
  <testcase classname="runner.login.HRISPageSignInMNGRRunner" name="runScenario" time="5.665"/>
  <system-out/>
</testsuite> <!-- runner.login.HRISPageSignInMNGRRunner -->
