<?xml version="1.0" encoding="UTF-8"?>
<!-- Generated by org.testng.reporters.JUnitReportReporter -->
<testsuite hostname="DESKTOP-S76SA9N" failures="0" tests="4" name="runner.general.HRISLogout" time="44.573" errors="0" timestamp="2022-07-07T12:41:35 ICT" skipped="0">
  <testcase classname="runner.general.HRISLogout" name="runScenario" time="12.604"/>
  <system-out/>
  <testcase classname="runner.general.HRISLogout" name="runScenario" time="10.768"/>
  <system-out/>
  <testcase classname="runner.general.HRISLogout" name="runScenario" time="10.633"/>
  <system-out/>
  <testcase classname="runner.general.HRISLogout" name="runScenario" time="10.568"/>
  <system-out/>
</testsuite> <!-- runner.general.HRISLogout -->
