<?xml version="1.0" encoding="UTF-8"?>
<!-- Generated by org.testng.reporters.JUnitReportReporter -->
<testsuite hostname="DESKTOP-S76SA9N" failures="0" tests="2" name="runner.login.HRISAccessURLRunner" time="15.801" errors="0" timestamp="2022-07-08T23:49:02 ICT" skipped="0">
  <testcase classname="runner.login.HRISAccessURLRunner" name="runScenario" time="6.302"/>
  <system-out/>
  <testcase classname="runner.login.HRISAccessURLRunner" name="runScenario" time="9.499"/>
  <system-out/>
</testsuite> <!-- runner.login.HRISAccessURLRunner -->
