<?xml version="1.0" encoding="UTF-8"?>
<!-- Generated by org.testng.reporters.JUnitReportReporter -->
<testsuite hostname="DESKTOP-S76SA9N" failures="0" tests="6" name="runner.pengajuan.HRISTableResultCutiRunner" time="52.479" errors="0" timestamp="2022-07-09T11:12:21 ICT" skipped="0">
  <testcase classname="runner.pengajuan.HRISTableResultCutiRunner" name="runScenario" time="8.236"/>
  <system-out/>
  <testcase classname="runner.pengajuan.HRISTableResultCutiRunner" name="runScenario" time="8.544"/>
  <system-out/>
  <testcase classname="runner.pengajuan.HRISTableResultCutiRunner" name="runScenario" time="8.886"/>
  <system-out/>
  <testcase classname="runner.pengajuan.HRISTableResultCutiRunner" name="runScenario" time="9.429"/>
  <system-out/>
  <testcase classname="runner.pengajuan.HRISTableResultCutiRunner" name="runScenario" time="8.860"/>
  <system-out/>
  <testcase classname="runner.pengajuan.HRISTableResultCutiRunner" name="runScenario" time="8.524"/>
  <system-out/>
</testsuite> <!-- runner.pengajuan.HRISTableResultCutiRunner -->
