<?xml version="1.0" encoding="UTF-8"?>
<!-- Generated by org.testng.reporters.JUnitReportReporter -->
<testsuite hostname="DESKTOP-S76SA9N" failures="0" tests="2" name="runner.login.HRISPageSignInSPVRunner" time="17.173" errors="0" timestamp="2022-07-12T14:57:57 ICT" skipped="0">
  <testcase classname="runner.login.HRISPageSignInSPVRunner" name="runScenario" time="9.105"/>
  <system-out/>
  <testcase classname="runner.login.HRISPageSignInSPVRunner" name="runScenario" time="8.068"/>
  <system-out/>
</testsuite> <!-- runner.login.HRISPageSignInSPVRunner -->
