<?xml version="1.0" encoding="UTF-8"?>
<!-- Generated by org.testng.reporters.JUnitReportReporter -->
<testsuite hostname="DESKTOP-S76SA9N" failures="0" tests="4" name="runner.dashboard.HRISDashboardSPVRunner" time="33.273" errors="0" timestamp="2022-07-09T02:32:38 ICT" skipped="0">
  <testcase classname="runner.dashboard.HRISDashboardSPVRunner" name="runScenario" time="8.561"/>
  <system-out/>
  <testcase classname="runner.dashboard.HRISDashboardSPVRunner" name="runScenario" time="7.094"/>
  <system-out/>
  <testcase classname="runner.dashboard.HRISDashboardSPVRunner" name="runScenario" time="9.223"/>
  <system-out/>
  <testcase classname="runner.dashboard.HRISDashboardSPVRunner" name="runScenario" time="8.395"/>
  <system-out/>
</testsuite> <!-- runner.dashboard.HRISDashboardSPVRunner -->
