<?xml version="1.0" encoding="UTF-8"?>
<!-- Generated by org.testng.reporters.JUnitReportReporter -->
<testsuite hostname="DESKTOP-S76SA9N" failures="0" tests="8" name="runner.general.HRISDrawSignatureRunner" time="105.133" errors="0" timestamp="2022-07-07T15:45:00 ICT" skipped="0">
  <testcase classname="runner.general.HRISDrawSignatureRunner" name="runScenario" time="12.602"/>
  <system-out/>
  <testcase classname="runner.general.HRISDrawSignatureRunner" name="runScenario" time="16.128"/>
  <system-out/>
  <testcase classname="runner.general.HRISDrawSignatureRunner" name="runScenario" time="12.462"/>
  <system-out/>
  <testcase classname="runner.general.HRISDrawSignatureRunner" name="runScenario" time="11.405"/>
  <system-out/>
  <testcase classname="runner.general.HRISDrawSignatureRunner" name="runScenario" time="13.822"/>
  <system-out/>
  <testcase classname="runner.general.HRISDrawSignatureRunner" name="runScenario" time="12.316"/>
  <system-out/>
  <testcase classname="runner.general.HRISDrawSignatureRunner" name="runScenario" time="13.586"/>
  <system-out/>
  <testcase classname="runner.general.HRISDrawSignatureRunner" name="runScenario" time="12.812"/>
  <system-out/>
</testsuite> <!-- runner.general.HRISDrawSignatureRunner -->
