<?xml version="1.0" encoding="UTF-8"?>
<!-- Generated by org.testng.reporters.JUnitReportReporter -->
<testsuite hostname="DESKTOP-S76SA9N" failures="0" tests="12" name="runner.pengajuan.HRISTableDataCutiRunner" time="386.437" errors="0" timestamp="2022-07-14T21:24:32 ICT" skipped="0">
  <testcase classname="runner.pengajuan.HRISTableDataCutiRunner" name="runScenario" time="21.790"/>
  <system-out/>
  <testcase classname="runner.pengajuan.HRISTableDataCutiRunner" name="runScenario" time="44.804"/>
  <system-out/>
  <testcase classname="runner.pengajuan.HRISTableDataCutiRunner" name="runScenario" time="42.230"/>
  <system-out/>
  <testcase classname="runner.pengajuan.HRISTableDataCutiRunner" name="runScenario" time="49.570"/>
  <system-out/>
  <testcase classname="runner.pengajuan.HRISTableDataCutiRunner" name="runScenario" time="37.332"/>
  <system-out/>
  <testcase classname="runner.pengajuan.HRISTableDataCutiRunner" name="runScenario" time="21.844"/>
  <system-out/>
  <testcase classname="runner.pengajuan.HRISTableDataCutiRunner" name="runScenario" time="50.188"/>
  <system-out/>
  <testcase classname="runner.pengajuan.HRISTableDataCutiRunner" name="runScenario" time="23.847"/>
  <system-out/>
  <testcase classname="runner.pengajuan.HRISTableDataCutiRunner" name="runScenario" time="23.160"/>
  <system-out/>
  <testcase classname="runner.pengajuan.HRISTableDataCutiRunner" name="runScenario" time="20.758"/>
  <system-out/>
  <testcase classname="runner.pengajuan.HRISTableDataCutiRunner" name="runScenario" time="40.486"/>
  <system-out/>
  <testcase classname="runner.pengajuan.HRISTableDataCutiRunner" name="runScenario" time="10.428"/>
  <system-out/>
</testsuite> <!-- runner.pengajuan.HRISTableDataCutiRunner -->
