<?xml version="1.0" encoding="UTF-8"?>
<!-- Generated by org.testng.reporters.JUnitReportReporter -->
<testsuite hostname="DESKTOP-S76SA9N" failures="0" tests="3" name="runner.HRISCutiAnnualRunner" time="58.013" errors="0" timestamp="2022-07-06T23:01:10 ICT" skipped="0">
  <testcase classname="runner.HRISCutiAnnualRunner" name="runScenario" time="23.515"/>
  <system-out/>
  <testcase classname="runner.HRISCutiAnnualRunner" name="runScenario" time="14.255"/>
  <system-out/>
  <testcase classname="runner.HRISCutiAnnualRunner" name="runScenario" time="20.243"/>
  <system-out/>
</testsuite> <!-- runner.HRISCutiAnnualRunner -->
