<?xml version="1.0" encoding="UTF-8"?>
<!-- Generated by org.testng.reporters.JUnitReportReporter -->
<testsuite hostname="DESKTOP-S76SA9N" failures="0" tests="12" name="runner.pengajuan.HRISTableDataCutiRunner" time="320.749" errors="0" timestamp="2022-07-10T22:47:09 ICT" skipped="0">
  <testcase classname="runner.pengajuan.HRISTableDataCutiRunner" name="runScenario" time="21.628"/>
  <system-out/>
  <testcase classname="runner.pengajuan.HRISTableDataCutiRunner" name="runScenario" time="9.470"/>
  <system-out/>
  <testcase classname="runner.pengajuan.HRISTableDataCutiRunner" name="runScenario" time="18.883"/>
  <system-out/>
  <testcase classname="runner.pengajuan.HRISTableDataCutiRunner" name="runScenario" time="19.927"/>
  <system-out/>
  <testcase classname="runner.pengajuan.HRISTableDataCutiRunner" name="runScenario" time="42.697"/>
  <system-out/>
  <testcase classname="runner.pengajuan.HRISTableDataCutiRunner" name="runScenario" time="32.192"/>
  <system-out/>
  <testcase classname="runner.pengajuan.HRISTableDataCutiRunner" name="runScenario" time="22.589"/>
  <system-out/>
  <testcase classname="runner.pengajuan.HRISTableDataCutiRunner" name="runScenario" time="36.686"/>
  <system-out/>
  <testcase classname="runner.pengajuan.HRISTableDataCutiRunner" name="runScenario" time="30.434"/>
  <system-out/>
  <testcase classname="runner.pengajuan.HRISTableDataCutiRunner" name="runScenario" time="31.507"/>
  <system-out/>
  <testcase classname="runner.pengajuan.HRISTableDataCutiRunner" name="runScenario" time="20.780"/>
  <system-out/>
  <testcase classname="runner.pengajuan.HRISTableDataCutiRunner" name="runScenario" time="33.956"/>
  <system-out/>
</testsuite> <!-- runner.pengajuan.HRISTableDataCutiRunner -->
