<?xml version="1.0" encoding="UTF-8"?>
<!-- Generated by org.testng.reporters.JUnitReportReporter -->
<testsuite hostname="DESKTOP-S76SA9N" failures="0" tests="4" name="runner.pengajuan.HRISDoubleSubmitRunner" time="149.700" errors="0" timestamp="2022-07-10T22:47:09 ICT" skipped="0">
  <testcase classname="runner.pengajuan.HRISDoubleSubmitRunner" name="runScenario" time="32.670"/>
  <system-out/>
  <testcase classname="runner.pengajuan.HRISDoubleSubmitRunner" name="runScenario" time="22.522"/>
  <system-out/>
  <testcase classname="runner.pengajuan.HRISDoubleSubmitRunner" name="runScenario" time="47.823"/>
  <system-out/>
  <testcase classname="runner.pengajuan.HRISDoubleSubmitRunner" name="runScenario" time="46.685"/>
  <system-out/>
</testsuite> <!-- runner.pengajuan.HRISDoubleSubmitRunner -->
