<?xml version="1.0" encoding="UTF-8"?>
<!-- Generated by org.testng.reporters.JUnitReportReporter -->
<testsuite hostname="DESKTOP-S76SA9N" failures="0" tests="2" name="runner.Data1Runner" time="19.705" errors="0" timestamp="2022-07-04T14:14:03 ICT" skipped="0">
  <testcase classname="runner.Data1Runner" name="runScenario" time="10.827"/>
  <system-out/>
  <testcase classname="runner.Data1Runner" name="runScenario" time="8.878"/>
  <system-out/>
</testsuite> <!-- runner.Data1Runner -->
