<?xml version="1.0" encoding="UTF-8"?>
<!-- Generated by org.testng.reporters.JUnitReportReporter -->
<testsuite hostname="DESKTOP-S76SA9N" failures="0" tests="4" name="runner.signature.HRISDrawSignatureSPVRunner" time="39.352" errors="0" timestamp="2022-07-09T02:32:38 ICT" skipped="0">
  <testcase classname="runner.signature.HRISDrawSignatureSPVRunner" name="runScenario" time="10.569"/>
  <system-out/>
  <testcase classname="runner.signature.HRISDrawSignatureSPVRunner" name="runScenario" time="9.098"/>
  <system-out/>
  <testcase classname="runner.signature.HRISDrawSignatureSPVRunner" name="runScenario" time="9.649"/>
  <system-out/>
  <testcase classname="runner.signature.HRISDrawSignatureSPVRunner" name="runScenario" time="10.036"/>
  <system-out/>
</testsuite> <!-- runner.signature.HRISDrawSignatureSPVRunner -->
