<?xml version="1.0" encoding="UTF-8"?>
<!-- Generated by org.testng.reporters.JUnitReportReporter -->
<testsuite hostname="DESKTOP-S76SA9N" failures="0" tests="4" name="runner.signature.HRISDrawSignatureSPVRunner" time="43.865" errors="0" timestamp="2022-07-13T01:46:46 ICT" skipped="0">
  <testcase classname="runner.signature.HRISDrawSignatureSPVRunner" name="runScenario" time="10.406"/>
  <system-out/>
  <testcase classname="runner.signature.HRISDrawSignatureSPVRunner" name="runScenario" time="10.613"/>
  <system-out/>
  <testcase classname="runner.signature.HRISDrawSignatureSPVRunner" name="runScenario" time="10.068"/>
  <system-out/>
  <testcase classname="runner.signature.HRISDrawSignatureSPVRunner" name="runScenario" time="12.778"/>
  <system-out/>
</testsuite> <!-- runner.signature.HRISDrawSignatureSPVRunner -->
