<?xml version="1.0" encoding="UTF-8"?>
<!-- Generated by org.testng.reporters.JUnitReportReporter -->
<testsuite hostname="DESKTOP-S76SA9N" failures="0" tests="6" name="runner.pengajuan.HRISResultTableCutiRunner" time="69.822" errors="0" timestamp="2022-07-07T13:57:59 ICT" skipped="0">
  <testcase classname="runner.pengajuan.HRISResultTableCutiRunner" name="runScenario" time="12.030"/>
  <system-out/>
  <testcase classname="runner.pengajuan.HRISResultTableCutiRunner" name="runScenario" time="14.144"/>
  <system-out/>
  <testcase classname="runner.pengajuan.HRISResultTableCutiRunner" name="runScenario" time="10.976"/>
  <system-out/>
  <testcase classname="runner.pengajuan.HRISResultTableCutiRunner" name="runScenario" time="10.861"/>
  <system-out/>
  <testcase classname="runner.pengajuan.HRISResultTableCutiRunner" name="runScenario" time="11.271"/>
  <system-out/>
  <testcase classname="runner.pengajuan.HRISResultTableCutiRunner" name="runScenario" time="10.540"/>
  <system-out/>
</testsuite> <!-- runner.pengajuan.HRISResultTableCutiRunner -->
