<?xml version="1.0" encoding="UTF-8"?>
<!-- Generated by org.testng.reporters.JUnitReportReporter -->
<testsuite hostname="DESKTOP-S76SA9N" failures="0" tests="4" name="runner.signature.HRISDrawSignatureSPVRunner" time="49.800" errors="0" timestamp="2022-07-14T21:24:32 ICT" skipped="0">
  <testcase classname="runner.signature.HRISDrawSignatureSPVRunner" name="runScenario" time="16.126"/>
  <system-out/>
  <testcase classname="runner.signature.HRISDrawSignatureSPVRunner" name="runScenario" time="12.871"/>
  <system-out/>
  <testcase classname="runner.signature.HRISDrawSignatureSPVRunner" name="runScenario" time="10.658"/>
  <system-out/>
  <testcase classname="runner.signature.HRISDrawSignatureSPVRunner" name="runScenario" time="10.145"/>
  <system-out/>
</testsuite> <!-- runner.signature.HRISDrawSignatureSPVRunner -->
