<?xml version="1.0" encoding="UTF-8"?>
<!-- Generated by org.testng.reporters.JUnitReportReporter -->
<testsuite hostname="DESKTOP-S76SA9N" failures="0" tests="6" name="runner.login.HRISLoginSPVRunner" time="92.394" errors="0" timestamp="2022-07-12T14:57:57 ICT" skipped="0">
  <testcase classname="runner.login.HRISLoginSPVRunner" name="runScenario" time="23.233"/>
  <system-out/>
  <testcase classname="runner.login.HRISLoginSPVRunner" name="runScenario" time="23.600"/>
  <system-out/>
  <testcase classname="runner.login.HRISLoginSPVRunner" name="runScenario" time="10.633"/>
  <system-out/>
  <testcase classname="runner.login.HRISLoginSPVRunner" name="runScenario" time="12.423"/>
  <system-out/>
  <testcase classname="runner.login.HRISLoginSPVRunner" name="runScenario" time="11.184"/>
  <system-out/>
  <testcase classname="runner.login.HRISLoginSPVRunner" name="runScenario" time="11.321"/>
  <system-out/>
</testsuite> <!-- runner.login.HRISLoginSPVRunner -->
