<?xml version="1.0" encoding="UTF-8"?>
<!-- Generated by org.testng.reporters.JUnitReportReporter -->
<testsuite hostname="DESKTOP-S76SA9N" failures="0" tests="1" name="runner.HRISDrawSignatureRunner" time="22.605" errors="0" timestamp="2022-07-07T08:45:24 ICT" skipped="0">
  <testcase classname="runner.HRISDrawSignatureRunner" name="runScenario" time="22.605"/>
  <system-out/>
</testsuite> <!-- runner.HRISDrawSignatureRunner -->
