<?xml version="1.0" encoding="UTF-8"?>
<!-- Generated by org.testng.reporters.JUnitReportReporter -->
<testsuite hostname="DESKTOP-S76SA9N" failures="0" tests="4" name="runner.approval.HRISCloseModalRunner" time="136.829" errors="0" timestamp="2022-07-12T09:39:24 ICT" skipped="0">
  <testcase classname="runner.approval.HRISCloseModalRunner" name="runScenario" time="31.502"/>
  <system-out/>
  <testcase classname="runner.approval.HRISCloseModalRunner" name="runScenario" time="37.079"/>
  <system-out/>
  <testcase classname="runner.approval.HRISCloseModalRunner" name="runScenario" time="34.052"/>
  <system-out/>
  <testcase classname="runner.approval.HRISCloseModalRunner" name="runScenario" time="34.196"/>
  <system-out/>
</testsuite> <!-- runner.approval.HRISCloseModalRunner -->
