<?xml version="1.0" encoding="UTF-8"?>
<!-- Generated by org.testng.reporters.JUnitReportReporter -->
<testsuite hostname="DESKTOP-S76SA9N" failures="0" tests="6" name="runner.pengajuan.HRISTableResultCutiRunner" time="49.655" errors="0" timestamp="2022-07-09T02:32:38 ICT" skipped="0">
  <testcase classname="runner.pengajuan.HRISTableResultCutiRunner" name="runScenario" time="8.540"/>
  <system-out/>
  <testcase classname="runner.pengajuan.HRISTableResultCutiRunner" name="runScenario" time="8.376"/>
  <system-out/>
  <testcase classname="runner.pengajuan.HRISTableResultCutiRunner" name="runScenario" time="8.679"/>
  <system-out/>
  <testcase classname="runner.pengajuan.HRISTableResultCutiRunner" name="runScenario" time="7.650"/>
  <system-out/>
  <testcase classname="runner.pengajuan.HRISTableResultCutiRunner" name="runScenario" time="7.972"/>
  <system-out/>
  <testcase classname="runner.pengajuan.HRISTableResultCutiRunner" name="runScenario" time="8.438"/>
  <system-out/>
</testsuite> <!-- runner.pengajuan.HRISTableResultCutiRunner -->
