<?xml version="1.0" encoding="UTF-8"?>
<!-- Generated by org.testng.reporters.JUnitReportReporter -->
<testsuite hostname="DESKTOP-S76SA9N" failures="0" tests="8" name="runner.Runner" time="112.643" errors="0" timestamp="2022-07-05T23:10:10 ICT" skipped="0">
  <testcase classname="runner.Runner" name="runScenario" time="13.422"/>
  <system-out/>
  <testcase classname="runner.Runner" name="runScenario" time="15.015"/>
  <system-out/>
  <testcase classname="runner.Runner" name="runScenario" time="14.128"/>
  <system-out/>
  <testcase classname="runner.Runner" name="runScenario" time="13.207"/>
  <system-out/>
  <testcase classname="runner.Runner" name="runScenario" time="15.292"/>
  <system-out/>
  <testcase classname="runner.Runner" name="runScenario" time="13.438"/>
  <system-out/>
  <testcase classname="runner.Runner" name="runScenario" time="13.657"/>
  <system-out/>
  <testcase classname="runner.Runner" name="runScenario" time="14.484"/>
  <system-out/>
</testsuite> <!-- runner.Runner -->
