<?xml version="1.0" encoding="UTF-8"?>
<!-- Generated by org.testng.reporters.JUnitReportReporter -->
<testsuite hostname="DESKTOP-S76SA9N" failures="0" tests="13" name="runner.approval.HRISTableDataCutiRunner" time="505.217" errors="0" timestamp="2022-07-14T21:24:32 ICT" skipped="0">
  <testcase classname="runner.approval.HRISTableDataCutiRunner" name="runScenario" time="39.651"/>
  <system-out/>
  <testcase classname="runner.approval.HRISTableDataCutiRunner" name="runScenario" time="51.531"/>
  <system-out/>
  <testcase classname="runner.approval.HRISTableDataCutiRunner" name="runScenario" time="32.925"/>
  <system-out/>
  <testcase classname="runner.approval.HRISTableDataCutiRunner" name="runScenario" time="49.304"/>
  <system-out/>
  <testcase classname="runner.approval.HRISTableDataCutiRunner" name="runScenario" time="40.479"/>
  <system-out/>
  <testcase classname="runner.approval.HRISTableDataCutiRunner" name="runScenario" time="34.205"/>
  <system-out/>
  <testcase classname="runner.approval.HRISTableDataCutiRunner" name="runScenario" time="33.318"/>
  <system-out/>
  <testcase classname="runner.approval.HRISTableDataCutiRunner" name="runScenario" time="58.268"/>
  <system-out/>
  <testcase classname="runner.approval.HRISTableDataCutiRunner" name="runScenario" time="32.857"/>
  <system-out/>
  <testcase classname="runner.approval.HRISTableDataCutiRunner" name="runScenario" time="31.877"/>
  <system-out/>
  <testcase classname="runner.approval.HRISTableDataCutiRunner" name="runScenario" time="31.353"/>
  <system-out/>
  <testcase classname="runner.approval.HRISTableDataCutiRunner" name="runScenario" time="33.219"/>
  <system-out/>
  <testcase classname="runner.approval.HRISTableDataCutiRunner" name="runScenario" time="36.230"/>
  <system-out/>
</testsuite> <!-- runner.approval.HRISTableDataCutiRunner -->
