<?xml version="1.0" encoding="UTF-8"?>
<!-- Generated by org.testng.reporters.JUnitReportReporter -->
<testsuite hostname="DESKTOP-S76SA9N" failures="2" tests="6" name="runner.pengajuan.HRISDateCompareRunner" time="168.521" errors="0" timestamp="2022-07-07T14:39:10 ICT" skipped="0">
  <testcase classname="runner.pengajuan.HRISDateCompareRunner" name="runScenario" time="23.244"/>
  <system-out/>
  <testcase classname="runner.pengajuan.HRISDateCompareRunner" name="runScenario" time="21.561"/>
  <system-out/>
  <testcase classname="runner.pengajuan.HRISDateCompareRunner" name="runScenario" time="19.065"/>
  <system-out/>
  <testcase classname="runner.pengajuan.HRISDateCompareRunner" name="runScenario" time="45.342">
    <failure message="expected [true] but found [false]" type="java.lang.AssertionError">
      <![CDATA[java.lang.AssertionError: expected [true] but found [false]
at org.testng.Assert.fail(Assert.java:110)
at org.testng.Assert.failNotEquals(Assert.java:1413)
at org.testng.Assert.assertTrue(Assert.java:56)
at org.testng.Assert.assertTrue(Assert.java:66)
at definitions.data.HRISBukcetDataDefine.checkAction(HRISBukcetDataDefine.java:412)
at ✽.Check action(file:///D:/Project/Java/TestNG/HRIS/src/test/resources/features/PagePengajuan/HRISDateCompare.feature:14)
]]>
    </failure>
  </testcase> <!-- runScenario -->
  <system-out/>
  <testcase classname="runner.pengajuan.HRISDateCompareRunner" name="runScenario" time="13.771"/>
  <system-out/>
  <testcase classname="runner.pengajuan.HRISDateCompareRunner" name="runScenario" time="45.538">
    <failure message="expected [true] but found [false]" type="java.lang.AssertionError">
      <![CDATA[java.lang.AssertionError: expected [true] but found [false]
at org.testng.Assert.fail(Assert.java:110)
at org.testng.Assert.failNotEquals(Assert.java:1413)
at org.testng.Assert.assertTrue(Assert.java:56)
at org.testng.Assert.assertTrue(Assert.java:66)
at definitions.data.HRISBukcetDataDefine.checkAction(HRISBukcetDataDefine.java:412)
at ✽.Check action(file:///D:/Project/Java/TestNG/HRIS/src/test/resources/features/PagePengajuan/HRISDateCompare.feature:14)
]]>
    </failure>
  </testcase> <!-- runScenario -->
  <system-out/>
</testsuite> <!-- runner.pengajuan.HRISDateCompareRunner -->
