<?xml version="1.0" encoding="UTF-8"?>
<!-- Generated by org.testng.reporters.JUnitReportReporter -->
<testsuite hostname="DESKTOP-S76SA9N" failures="0" tests="6" name="runner.login.HRISLoginSPVRunner" time="86.143" errors="0" timestamp="2022-07-09T11:12:21 ICT" skipped="0">
  <testcase classname="runner.login.HRISLoginSPVRunner" name="runScenario" time="22.121"/>
  <system-out/>
  <testcase classname="runner.login.HRISLoginSPVRunner" name="runScenario" time="10.234"/>
  <system-out/>
  <testcase classname="runner.login.HRISLoginSPVRunner" name="runScenario" time="10.315"/>
  <system-out/>
  <testcase classname="runner.login.HRISLoginSPVRunner" name="runScenario" time="21.596"/>
  <system-out/>
  <testcase classname="runner.login.HRISLoginSPVRunner" name="runScenario" time="11.901"/>
  <system-out/>
  <testcase classname="runner.login.HRISLoginSPVRunner" name="runScenario" time="9.976"/>
  <system-out/>
</testsuite> <!-- runner.login.HRISLoginSPVRunner -->
