<?xml version="1.0" encoding="UTF-8"?>
<!-- Generated by org.testng.reporters.JUnitReportReporter -->
<testsuite hostname="DESKTOP-S76SA9N" failures="0" tests="2" name="runner.general.HRISGoToPagePengajuanRunner" time="23.440" errors="0" timestamp="2022-07-07T11:52:13 ICT" skipped="0">
  <testcase classname="runner.general.HRISGoToPagePengajuanRunner" name="runScenario" time="11.565"/>
  <system-out/>
  <testcase classname="runner.general.HRISGoToPagePengajuanRunner" name="runScenario" time="11.875"/>
  <system-out/>
</testsuite> <!-- runner.general.HRISGoToPagePengajuanRunner -->
