<?xml version="1.0" encoding="UTF-8"?>
<!-- Generated by org.testng.reporters.JUnitReportReporter -->
<testsuite hostname="DESKTOP-S76SA9N" failures="0" tests="2" name="runner.general.HRISGoToPageApprovalRunner" time="22.547" errors="0" timestamp="2022-07-07T11:51:10 ICT" skipped="0">
  <testcase classname="runner.general.HRISGoToPageApprovalRunner" name="runScenario" time="11.606"/>
  <system-out/>
  <testcase classname="runner.general.HRISGoToPageApprovalRunner" name="runScenario" time="10.941"/>
  <system-out/>
</testsuite> <!-- runner.general.HRISGoToPageApprovalRunner -->
