<?xml version="1.0" encoding="UTF-8"?>
<!-- Generated by org.testng.reporters.JUnitReportReporter -->
<testsuite hostname="DESKTOP-S76SA9N" failures="0" tests="4" name="runner.signature.HRISDrawSignatureMNGRRunner" time="64.707" errors="0" timestamp="2022-07-14T21:24:32 ICT" skipped="0">
  <testcase classname="runner.signature.HRISDrawSignatureMNGRRunner" name="runScenario" time="15.331"/>
  <system-out/>
  <testcase classname="runner.signature.HRISDrawSignatureMNGRRunner" name="runScenario" time="14.730"/>
  <system-out/>
  <testcase classname="runner.signature.HRISDrawSignatureMNGRRunner" name="runScenario" time="16.150"/>
  <system-out/>
  <testcase classname="runner.signature.HRISDrawSignatureMNGRRunner" name="runScenario" time="18.496"/>
  <system-out/>
</testsuite> <!-- runner.signature.HRISDrawSignatureMNGRRunner -->
