<?xml version="1.0" encoding="UTF-8"?>
<!-- Generated by org.testng.reporters.JUnitReportReporter -->
<testsuite hostname="DESKTOP-S76SA9N" failures="0" tests="1" name="runner.pengajuan.HRISSelectLeaveTypeRunner" time="14.166" errors="0" timestamp="2022-07-09T13:55:52 ICT" skipped="0">
  <testcase classname="runner.pengajuan.HRISSelectLeaveTypeRunner" name="runScenario" time="14.166"/>
  <system-out/>
</testsuite> <!-- runner.pengajuan.HRISSelectLeaveTypeRunner -->
