<?xml version="1.0" encoding="UTF-8"?>
<!-- Generated by org.testng.reporters.JUnitReportReporter -->
<testsuite hostname="DESKTOP-S76SA9N" failures="0" tests="9" name="runner.pengajuan.HRISTableResultCutiRunner" time="131.062" errors="0" timestamp="2022-07-09T19:49:07 ICT" skipped="0">
  <testcase classname="runner.pengajuan.HRISTableResultCutiRunner" name="runScenario" time="23.570"/>
  <system-out/>
  <testcase classname="runner.pengajuan.HRISTableResultCutiRunner" name="runScenario" time="8.414"/>
  <system-out/>
  <testcase classname="runner.pengajuan.HRISTableResultCutiRunner" name="runScenario" time="8.735"/>
  <system-out/>
  <testcase classname="runner.pengajuan.HRISTableResultCutiRunner" name="runScenario" time="8.772"/>
  <system-out/>
  <testcase classname="runner.pengajuan.HRISTableResultCutiRunner" name="runScenario" time="9.977"/>
  <system-out/>
  <testcase classname="runner.pengajuan.HRISTableResultCutiRunner" name="runScenario" time="31.123"/>
  <system-out/>
  <testcase classname="runner.pengajuan.HRISTableResultCutiRunner" name="runScenario" time="20.401"/>
  <system-out/>
  <testcase classname="runner.pengajuan.HRISTableResultCutiRunner" name="runScenario" time="12.288"/>
  <system-out/>
  <testcase classname="runner.pengajuan.HRISTableResultCutiRunner" name="runScenario" time="7.782"/>
  <system-out/>
</testsuite> <!-- runner.pengajuan.HRISTableResultCutiRunner -->
