<?xml version="1.0" encoding="UTF-8"?>
<!-- Generated by org.testng.reporters.JUnitReportReporter -->
<testsuite hostname="DESKTOP-S76SA9N" failures="0" tests="4" name="runner.HRISFormCutiRunner" time="78.846" errors="0" timestamp="2022-07-06T15:30:00 ICT" skipped="0">
  <testcase classname="runner.HRISFormCutiRunner" name="runScenario" time="18.747"/>
  <system-out/>
  <testcase classname="runner.HRISFormCutiRunner" name="runScenario" time="18.300"/>
  <system-out/>
  <testcase classname="runner.HRISFormCutiRunner" name="runScenario" time="24.096"/>
  <system-out/>
  <testcase classname="runner.HRISFormCutiRunner" name="runScenario" time="17.703"/>
  <system-out/>
</testsuite> <!-- runner.HRISFormCutiRunner -->
