<?xml version="1.0" encoding="UTF-8"?>
<!-- Generated by org.testng.reporters.JUnitReportReporter -->
<testsuite hostname="DESKTOP-S76SA9N" failures="2" tests="6" name="runner.pengajuan.HRISNotesRunner" time="150.015" errors="0" timestamp="2022-07-13T09:21:28 ICT" skipped="0">
  <testcase classname="runner.pengajuan.HRISNotesRunner" name="runScenario" time="28.370"/>
  <system-out/>
  <testcase classname="runner.pengajuan.HRISNotesRunner" name="runScenario" time="29.729"/>
  <system-out/>
  <testcase classname="runner.pengajuan.HRISNotesRunner" name="runScenario" time="31.755"/>
  <system-out/>
  <testcase classname="runner.pengajuan.HRISNotesRunner" name="runScenario" time="18.169">
    <failure message="expected [true] but found [false]" type="java.lang.AssertionError">
      <![CDATA[java.lang.AssertionError: expected [true] but found [false]
at org.testng.Assert.fail(Assert.java:110)
at org.testng.Assert.failNotEquals(Assert.java:1413)
at org.testng.Assert.assertTrue(Assert.java:56)
at org.testng.Assert.assertTrue(Assert.java:66)
at definitions.data.HRISBukcetDataDefine.noteFieldError(HRISBukcetDataDefine.java:305)
at ✽.Show error note field(file:///D:/Project/Java/TestNG/HRIS/src/test/resources/features/003-MODUL%20PENGAJUAN%20CUTI/HRISNotes.feature:38)
]]>
    </failure>
  </testcase> <!-- runScenario -->
  <system-out>
    <![CDATA[<img src='file://D:\Project\Java\TestNG\HRIS\src\test\resources\SS\20220713_092128Empty all field.PNG'height="350" width="792"/>]]>
  </system-out>
  <testcase classname="runner.pengajuan.HRISNotesRunner" name="runScenario" time="27.258"/>
  <system-out/>
  <testcase classname="runner.pengajuan.HRISNotesRunner" name="runScenario" time="14.734">
    <failure message="expected [true] but found [false]" type="java.lang.AssertionError">
      <![CDATA[java.lang.AssertionError: expected [true] but found [false]
at org.testng.Assert.fail(Assert.java:110)
at org.testng.Assert.failNotEquals(Assert.java:1413)
at org.testng.Assert.assertTrue(Assert.java:56)
at org.testng.Assert.assertTrue(Assert.java:66)
at definitions.data.HRISBukcetDataDefine.noteFieldError(HRISBukcetDataDefine.java:305)
at ✽.Show error note field(file:///D:/Project/Java/TestNG/HRIS/src/test/resources/features/003-MODUL%20PENGAJUAN%20CUTI/HRISNotes.feature:28)
]]>
    </failure>
  </testcase> <!-- runScenario -->
  <system-out>
    <![CDATA[<img src='file://D:\Project\Java\TestNG\HRIS\src\test\resources\SS\20220713_092110Empty field note.PNG'height="350" width="792"/>]]>
  </system-out>
</testsuite> <!-- runner.pengajuan.HRISNotesRunner -->
