<?xml version="1.0" encoding="UTF-8"?>
<!-- Generated by org.testng.reporters.JUnitReportReporter -->
<testsuite hostname="DESKTOP-S76SA9N" failures="0" tests="2" name="runner.login.HRISLogoutMNGRRunner" time="28.262" errors="0" timestamp="2022-07-09T00:08:07 ICT" skipped="0">
  <testcase classname="runner.login.HRISLogoutMNGRRunner" name="runScenario" time="14.583"/>
  <system-out/>
  <testcase classname="runner.login.HRISLogoutMNGRRunner" name="runScenario" time="13.679"/>
  <system-out/>
</testsuite> <!-- runner.login.HRISLogoutMNGRRunner -->
