<?xml version="1.0" encoding="UTF-8"?>
<!-- Generated by org.testng.reporters.JUnitReportReporter -->
<testsuite hostname="DESKTOP-S76SA9N" failures="0" tests="6" name="runner.login.HRISLoginSPVRunner" time="90.071" errors="0" timestamp="2022-07-13T01:46:46 ICT" skipped="0">
  <testcase classname="runner.login.HRISLoginSPVRunner" name="runScenario" time="10.426"/>
  <system-out/>
  <testcase classname="runner.login.HRISLoginSPVRunner" name="runScenario" time="22.009"/>
  <system-out/>
  <testcase classname="runner.login.HRISLoginSPVRunner" name="runScenario" time="13.762"/>
  <system-out/>
  <testcase classname="runner.login.HRISLoginSPVRunner" name="runScenario" time="10.334"/>
  <system-out/>
  <testcase classname="runner.login.HRISLoginSPVRunner" name="runScenario" time="10.731"/>
  <system-out/>
  <testcase classname="runner.login.HRISLoginSPVRunner" name="runScenario" time="22.809"/>
  <system-out/>
</testsuite> <!-- runner.login.HRISLoginSPVRunner -->
