<?xml version="1.0" encoding="UTF-8"?>
<!-- Generated by org.testng.reporters.JUnitReportReporter -->
<testsuite hostname="DESKTOP-S76SA9N" failures="0" tests="2" name="runner.login.HRISLogoutMNGRRunner" time="35.269" errors="0" timestamp="2022-07-12T09:39:24 ICT" skipped="0">
  <testcase classname="runner.login.HRISLogoutMNGRRunner" name="runScenario" time="15.109"/>
  <system-out/>
  <testcase classname="runner.login.HRISLogoutMNGRRunner" name="runScenario" time="20.160"/>
  <system-out/>
</testsuite> <!-- runner.login.HRISLogoutMNGRRunner -->
