<?xml version="1.0" encoding="UTF-8"?>
<!-- Generated by org.testng.reporters.JUnitReportReporter -->
<testsuite hostname="DESKTOP-S76SA9N" failures="0" tests="2" name="runner.login.HRISLogoutMNGRRunner" time="31.741" errors="0" timestamp="2022-07-13T01:46:46 ICT" skipped="0">
  <testcase classname="runner.login.HRISLogoutMNGRRunner" name="runScenario" time="16.594"/>
  <system-out/>
  <testcase classname="runner.login.HRISLogoutMNGRRunner" name="runScenario" time="15.147"/>
  <system-out/>
</testsuite> <!-- runner.login.HRISLogoutMNGRRunner -->
