<?xml version="1.0" encoding="UTF-8"?>
<!-- Generated by org.testng.reporters.JUnitReportReporter -->
<testsuite hostname="DESKTOP-S76SA9N" failures="2" tests="6" name="runner.pengajuan.HRISNotesRunner" time="97.959" errors="0" timestamp="2022-07-09T02:32:38 ICT" skipped="0">
  <testcase classname="runner.pengajuan.HRISNotesRunner" name="runScenario" time="18.811"/>
  <system-out/>
  <testcase classname="runner.pengajuan.HRISNotesRunner" name="runScenario" time="18.799"/>
  <system-out/>
  <testcase classname="runner.pengajuan.HRISNotesRunner" name="runScenario" time="19.560"/>
  <system-out/>
  <testcase classname="runner.pengajuan.HRISNotesRunner" name="runScenario" time="13.117">
    <failure message="expected [true] but found [false]" type="java.lang.AssertionError">
      <![CDATA[java.lang.AssertionError: expected [true] but found [false]
at org.testng.Assert.fail(Assert.java:110)
at org.testng.Assert.failNotEquals(Assert.java:1413)
at org.testng.Assert.assertTrue(Assert.java:56)
at org.testng.Assert.assertTrue(Assert.java:66)
at definitions.data.HRISBukcetDataDefine.noteFieldError(HRISBukcetDataDefine.java:234)
at ✽.Show error note field(file:///D:/Project/Java/TestNG/HRIS/src/test/resources/features/003-MODUL%20PENGAJUAN%20CUTI/HRISNotes.feature:39)
]]>
    </failure>
  </testcase> <!-- runScenario -->
  <system-out/>
  <testcase classname="runner.pengajuan.HRISNotesRunner" name="runScenario" time="18.469"/>
  <system-out/>
  <testcase classname="runner.pengajuan.HRISNotesRunner" name="runScenario" time="9.203">
    <failure message="expected [true] but found [false]" type="java.lang.AssertionError">
      <![CDATA[java.lang.AssertionError: expected [true] but found [false]
at org.testng.Assert.fail(Assert.java:110)
at org.testng.Assert.failNotEquals(Assert.java:1413)
at org.testng.Assert.assertTrue(Assert.java:56)
at org.testng.Assert.assertTrue(Assert.java:66)
at definitions.data.HRISBukcetDataDefine.noteFieldError(HRISBukcetDataDefine.java:234)
at ✽.Show error note field(file:///D:/Project/Java/TestNG/HRIS/src/test/resources/features/003-MODUL%20PENGAJUAN%20CUTI/HRISNotes.feature:29)
]]>
    </failure>
  </testcase> <!-- runScenario -->
  <system-out/>
</testsuite> <!-- runner.pengajuan.HRISNotesRunner -->
