<?xml version="1.0" encoding="UTF-8"?>
<!-- Generated by org.testng.reporters.JUnitReportReporter -->
<testsuite hostname="DESKTOP-S76SA9N" failures="1" tests="7" name="runner.pengajuan.HRISTanggalCutiRunner" time="120.431" errors="2" timestamp="2022-07-14T21:24:32 ICT" skipped="0">
  <testcase classname="runner.pengajuan.HRISTanggalCutiRunner" name="runScenario" time="13.033">
    <failure message="expected [true] but found [false]" type="java.lang.AssertionError">
      <![CDATA[java.lang.AssertionError: expected [true] but found [false]
at org.testng.Assert.fail(Assert.java:110)
at org.testng.Assert.failNotEquals(Assert.java:1413)
at org.testng.Assert.assertTrue(Assert.java:56)
at org.testng.Assert.assertTrue(Assert.java:66)
at definitions.data.HRISBukcetDataDefine.validateAlert(HRISBukcetDataDefine.java:646)
at ✽.Validate alert(file:///D:/Project/Java/TestNG/HRIS/src/test/resources/features/003-MODUL%20PENGAJUAN%20CUTI/HRISTanggalCuti.feature:13)
]]>
    </failure>
  </testcase> <!-- runScenario -->
  <system-out>
    <![CDATA[<img src='file://D:\Project\Java\TestNG\HRIS\src\test\resources\SS\20220714_210104.PNG'height="350" width="792"/>]]>
  </system-out>
  <testcase classname="runner.pengajuan.HRISTanggalCutiRunner" name="runScenario" time="21.335"/>
  <system-out/>
  <testcase classname="runner.pengajuan.HRISTanggalCutiRunner" name="runScenario" time="20.913">
    <error message="element click intercepted: Element &lt;td tabindex=&quot;0&quot;&gt;...&lt;/td&gt; is not clickable at point (284, 28). Other element would receive the click: &lt;div id=&quot;header&quot; class=&quot;header navbar-default&quot;&gt;...&lt;/div&gt;
  (Session info: chrome=103.0.5060.114)
Build info: version: &#039;4.0.0&#039;, revision: &#039;3a21814679&#039;
System info: host: &#039;DESKTOP-S76SA9N&#039;, ip: &#039;192.168.1.164&#039;, os.name: &#039;Windows 11&#039;, os.arch: &#039;amd64&#039;, os.version: &#039;10.0&#039;, java.version: &#039;11.0.15&#039;
Driver info: org.openqa.selenium.chrome.ChromeDriver
Command: [7a56e300a92a4cc0d06b6517fef14585, clickElement {id=225f970e-e976-4931-8c86-7df1280bf330}]
Capabilities {acceptInsecureCerts: false, browserName: chrome, browserVersion: 103.0.5060.114, chrome: {chromedriverVersion: 102.0.5005.61 (0e59bcc00cc4..., userDataDir: C:\Users\nexsoft\AppData\Lo...}, goog:chromeOptions: {debuggerAddress: localhost:50103}, javascriptEnabled: true, networkConnectionEnabled: false, pageLoadStrategy: normal, platform: WINDOWS, platformName: WINDOWS, proxy: Proxy(), se:cdp: ws://localhost:50103/devtoo..., se:cdpVersion: 103.0.5060.114, setWindowRect: true, strictFileInteractability: false, timeouts: {implicit: 0, pageLoad: 300000, script: 30000}, unhandledPromptBehavior: dismiss and notify, webauthn:extension:credBlob: true, webauthn:extension:largeBlob: true, webauthn:virtualAuthenticators: true}
Element: [[ChromeDriver: chrome on WINDOWS (7a56e300a92a4cc0d06b6517fef14585)] -&gt; xpath: //*[@id=&quot;dataTable&quot;]/tbody/tr/td[1]]
Session ID: 7a56e300a92a4cc0d06b6517fef14585" type="org.openqa.selenium.ElementClickInterceptedException">
      <![CDATA[org.openqa.selenium.ElementClickInterceptedException: element click intercepted: Element <td tabindex="0">...</td> is not clickable at point (284, 28). Other element would receive the click: <div id="header" class="header navbar-default">...</div>
  (Session info: chrome=103.0.5060.114)
Build info: version: '4.0.0', revision: '3a21814679'
System info: host: 'DESKTOP-S76SA9N', ip: '192.168.1.164', os.name: 'Windows 11', os.arch: 'amd64', os.version: '10.0', java.version: '11.0.15'
Driver info: org.openqa.selenium.chrome.ChromeDriver
Command: [7a56e300a92a4cc0d06b6517fef14585, clickElement {id=225f970e-e976-4931-8c86-7df1280bf330}]
Capabilities {acceptInsecureCerts: false, browserName: chrome, browserVersion: 103.0.5060.114, chrome: {chromedriverVersion: 102.0.5005.61 (0e59bcc00cc4..., userDataDir: C:\Users\nexsoft\AppData\Lo...}, goog:chromeOptions: {debuggerAddress: localhost:50103}, javascriptEnabled: true, networkConnectionEnabled: false, pageLoadStrategy: normal, platform: WINDOWS, platformName: WINDOWS, proxy: Proxy(), se:cdp: ws://localhost:50103/devtoo..., se:cdpVersion: 103.0.5060.114, setWindowRect: true, strictFileInteractability: false, timeouts: {implicit: 0, pageLoad: 300000, script: 30000}, unhandledPromptBehavior: dismiss and notify, webauthn:extension:credBlob: true, webauthn:extension:largeBlob: true, webauthn:virtualAuthenticators: true}
Element: [[ChromeDriver: chrome on WINDOWS (7a56e300a92a4cc0d06b6517fef14585)] -> xpath: //*[@id="dataTable"]/tbody/tr/td[1]]
Session ID: 7a56e300a92a4cc0d06b6517fef14585
at java.base/jdk.internal.reflect.NativeConstructorAccessorImpl.newInstance0(Native Method)
at java.base/jdk.internal.reflect.NativeConstructorAccessorImpl.newInstance(NativeConstructorAccessorImpl.java:62)
at java.base/jdk.internal.reflect.DelegatingConstructorAccessorImpl.newInstance(DelegatingConstructorAccessorImpl.java:45)
at java.base/java.lang.reflect.Constructor.newInstance(Constructor.java:490)
at org.openqa.selenium.remote.codec.w3c.W3CHttpResponseCodec.createException(W3CHttpResponseCodec.java:200)
at org.openqa.selenium.remote.codec.w3c.W3CHttpResponseCodec.decode(W3CHttpResponseCodec.java:133)
at org.openqa.selenium.remote.codec.w3c.W3CHttpResponseCodec.decode(W3CHttpResponseCodec.java:53)
at org.openqa.selenium.remote.HttpCommandExecutor.execute(HttpCommandExecutor.java:184)
at org.openqa.selenium.remote.service.DriverCommandExecutor.invokeExecute(DriverCommandExecutor.java:164)
at org.openqa.selenium.remote.service.DriverCommandExecutor.execute(DriverCommandExecutor.java:139)
at org.openqa.selenium.remote.RemoteWebDriver.execute(RemoteWebDriver.java:559)
at org.openqa.selenium.remote.RemoteWebElement.execute(RemoteWebElement.java:251)
at org.openqa.selenium.remote.RemoteWebElement.click(RemoteWebElement.java:77)
at definitions.data.HRISBukcetDataDefine.checkAction(HRISBukcetDataDefine.java:622)
at ✽.Check action(file:///D:/Project/Java/TestNG/HRIS/src/test/resources/features/003-MODUL%20PENGAJUAN%20CUTI/HRISTanggalCuti.feature:30)
]]>
    </error>
  </testcase> <!-- runScenario -->
  <system-out>
    <![CDATA[<img src='file://D:\Project\Java\TestNG\HRIS\src\test\resources\SS\20220714_210124.PNG'height="350" width="792"/>]]>
  </system-out>
  <testcase classname="runner.pengajuan.HRISTanggalCutiRunner" name="runScenario" time="20.196">
    <error message="element click intercepted: Element &lt;td tabindex=&quot;0&quot;&gt;...&lt;/td&gt; is not clickable at point (295, 28). Other element would receive the click: &lt;div id=&quot;header&quot; class=&quot;header navbar-default&quot;&gt;...&lt;/div&gt;
  (Session info: chrome=103.0.5060.114)
Build info: version: &#039;4.0.0&#039;, revision: &#039;3a21814679&#039;
System info: host: &#039;DESKTOP-S76SA9N&#039;, ip: &#039;192.168.1.164&#039;, os.name: &#039;Windows 11&#039;, os.arch: &#039;amd64&#039;, os.version: &#039;10.0&#039;, java.version: &#039;11.0.15&#039;
Driver info: org.openqa.selenium.chrome.ChromeDriver
Command: [e5445ccc64d07cbfd0ca4863d379ad29, clickElement {id=36365367-da7c-4b46-b638-ef2f0a920998}]
Capabilities {acceptInsecureCerts: false, browserName: chrome, browserVersion: 103.0.5060.114, chrome: {chromedriverVersion: 102.0.5005.61 (0e59bcc00cc4..., userDataDir: C:\Users\nexsoft\AppData\Lo...}, goog:chromeOptions: {debuggerAddress: localhost:50132}, javascriptEnabled: true, networkConnectionEnabled: false, pageLoadStrategy: normal, platform: WINDOWS, platformName: WINDOWS, proxy: Proxy(), se:cdp: ws://localhost:50132/devtoo..., se:cdpVersion: 103.0.5060.114, setWindowRect: true, strictFileInteractability: false, timeouts: {implicit: 0, pageLoad: 300000, script: 30000}, unhandledPromptBehavior: dismiss and notify, webauthn:extension:credBlob: true, webauthn:extension:largeBlob: true, webauthn:virtualAuthenticators: true}
Element: [[ChromeDriver: chrome on WINDOWS (e5445ccc64d07cbfd0ca4863d379ad29)] -&gt; xpath: //*[@id=&quot;dataTable&quot;]/tbody/tr/td[1]]
Session ID: e5445ccc64d07cbfd0ca4863d379ad29" type="org.openqa.selenium.ElementClickInterceptedException">
      <![CDATA[org.openqa.selenium.ElementClickInterceptedException: element click intercepted: Element <td tabindex="0">...</td> is not clickable at point (295, 28). Other element would receive the click: <div id="header" class="header navbar-default">...</div>
  (Session info: chrome=103.0.5060.114)
Build info: version: '4.0.0', revision: '3a21814679'
System info: host: 'DESKTOP-S76SA9N', ip: '192.168.1.164', os.name: 'Windows 11', os.arch: 'amd64', os.version: '10.0', java.version: '11.0.15'
Driver info: org.openqa.selenium.chrome.ChromeDriver
Command: [e5445ccc64d07cbfd0ca4863d379ad29, clickElement {id=36365367-da7c-4b46-b638-ef2f0a920998}]
Capabilities {acceptInsecureCerts: false, browserName: chrome, browserVersion: 103.0.5060.114, chrome: {chromedriverVersion: 102.0.5005.61 (0e59bcc00cc4..., userDataDir: C:\Users\nexsoft\AppData\Lo...}, goog:chromeOptions: {debuggerAddress: localhost:50132}, javascriptEnabled: true, networkConnectionEnabled: false, pageLoadStrategy: normal, platform: WINDOWS, platformName: WINDOWS, proxy: Proxy(), se:cdp: ws://localhost:50132/devtoo..., se:cdpVersion: 103.0.5060.114, setWindowRect: true, strictFileInteractability: false, timeouts: {implicit: 0, pageLoad: 300000, script: 30000}, unhandledPromptBehavior: dismiss and notify, webauthn:extension:credBlob: true, webauthn:extension:largeBlob: true, webauthn:virtualAuthenticators: true}
Element: [[ChromeDriver: chrome on WINDOWS (e5445ccc64d07cbfd0ca4863d379ad29)] -> xpath: //*[@id="dataTable"]/tbody/tr/td[1]]
Session ID: e5445ccc64d07cbfd0ca4863d379ad29
at java.base/jdk.internal.reflect.NativeConstructorAccessorImpl.newInstance0(Native Method)
at java.base/jdk.internal.reflect.NativeConstructorAccessorImpl.newInstance(NativeConstructorAccessorImpl.java:62)
at java.base/jdk.internal.reflect.DelegatingConstructorAccessorImpl.newInstance(DelegatingConstructorAccessorImpl.java:45)
at java.base/java.lang.reflect.Constructor.newInstance(Constructor.java:490)
at org.openqa.selenium.remote.codec.w3c.W3CHttpResponseCodec.createException(W3CHttpResponseCodec.java:200)
at org.openqa.selenium.remote.codec.w3c.W3CHttpResponseCodec.decode(W3CHttpResponseCodec.java:133)
at org.openqa.selenium.remote.codec.w3c.W3CHttpResponseCodec.decode(W3CHttpResponseCodec.java:53)
at org.openqa.selenium.remote.HttpCommandExecutor.execute(HttpCommandExecutor.java:184)
at org.openqa.selenium.remote.service.DriverCommandExecutor.invokeExecute(DriverCommandExecutor.java:164)
at org.openqa.selenium.remote.service.DriverCommandExecutor.execute(DriverCommandExecutor.java:139)
at org.openqa.selenium.remote.RemoteWebDriver.execute(RemoteWebDriver.java:559)
at org.openqa.selenium.remote.RemoteWebElement.execute(RemoteWebElement.java:251)
at org.openqa.selenium.remote.RemoteWebElement.click(RemoteWebElement.java:77)
at definitions.data.HRISBukcetDataDefine.checkAction(HRISBukcetDataDefine.java:622)
at ✽.Check action(file:///D:/Project/Java/TestNG/HRIS/src/test/resources/features/003-MODUL%20PENGAJUAN%20CUTI/HRISTanggalCuti.feature:30)
]]>
    </error>
  </testcase> <!-- runScenario -->
  <system-out>
    <![CDATA[<img src='file://D:\Project\Java\TestNG\HRIS\src\test\resources\SS\20220714_210145.PNG'height="350" width="792"/>]]>
  </system-out>
  <testcase classname="runner.pengajuan.HRISTanggalCutiRunner" name="runScenario" time="11.000"/>
  <system-out/>
  <testcase classname="runner.pengajuan.HRISTanggalCutiRunner" name="runScenario" time="21.605"/>
  <system-out/>
  <testcase classname="runner.pengajuan.HRISTanggalCutiRunner" name="runScenario" time="12.349"/>
  <system-out/>
</testsuite> <!-- runner.pengajuan.HRISTanggalCutiRunner -->
