<?xml version="1.0" encoding="UTF-8"?>
<!-- Generated by org.testng.reporters.JUnitReportReporter -->
<testsuite hostname="DESKTOP-S76SA9N" failures="0" tests="4" name="runner.dashboard.HRISDashboardMNGRRunner" time="60.020" errors="0" timestamp="2022-07-14T21:24:32 ICT" skipped="0">
  <testcase classname="runner.dashboard.HRISDashboardMNGRRunner" name="runScenario" time="13.771"/>
  <system-out/>
  <testcase classname="runner.dashboard.HRISDashboardMNGRRunner" name="runScenario" time="15.342"/>
  <system-out/>
  <testcase classname="runner.dashboard.HRISDashboardMNGRRunner" name="runScenario" time="15.982"/>
  <system-out/>
  <testcase classname="runner.dashboard.HRISDashboardMNGRRunner" name="runScenario" time="14.925"/>
  <system-out/>
</testsuite> <!-- runner.dashboard.HRISDashboardMNGRRunner -->
