<?xml version="1.0" encoding="UTF-8"?>
<!-- Generated by org.testng.reporters.JUnitReportReporter -->
<testsuite hostname="DESKTOP-S76SA9N" failures="0" tests="4" name="runner.login.HRISLogout" time="38.881" errors="0" timestamp="2022-07-07T10:49:16 ICT" skipped="0">
  <testcase classname="runner.login.HRISLogout" name="runScenario" time="9.170"/>
  <system-out/>
  <testcase classname="runner.login.HRISLogout" name="runScenario" time="9.715"/>
  <system-out/>
  <testcase classname="runner.login.HRISLogout" name="runScenario" time="10.753"/>
  <system-out/>
  <testcase classname="runner.login.HRISLogout" name="runScenario" time="9.243"/>
  <system-out/>
</testsuite> <!-- runner.login.HRISLogout -->
