<?xml version="1.0" encoding="UTF-8"?>
<!-- Generated by org.testng.reporters.JUnitReportReporter -->
<testsuite hostname="DESKTOP-S76SA9N" failures="0" tests="2" name="runner.pengajuan.HRISSubmitRunner" time="36.027" errors="0" timestamp="2022-07-09T14:03:17 ICT" skipped="0">
  <testcase classname="runner.pengajuan.HRISSubmitRunner" name="runScenario" time="12.125"/>
  <system-out/>
  <testcase classname="runner.pengajuan.HRISSubmitRunner" name="runScenario" time="23.902"/>
  <system-out/>
</testsuite> <!-- runner.pengajuan.HRISSubmitRunner -->
