<?xml version="1.0" encoding="UTF-8"?>
<!-- Generated by org.testng.reporters.JUnitReportReporter -->
<testsuite hostname="DESKTOP-S76SA9N" failures="5" tests="8" name="runner.approval.HRISSearchAndEntriesRunner" time="124.416" errors="0" timestamp="2022-07-12T09:39:24 ICT" skipped="0">
  <testcase classname="runner.approval.HRISSearchAndEntriesRunner" name="runScenario" time="15.786">
    <failure message="expected [true] but found [false]" type="java.lang.AssertionError">
      <![CDATA[java.lang.AssertionError: expected [true] but found [false]
at org.testng.Assert.fail(Assert.java:110)
at org.testng.Assert.failNotEquals(Assert.java:1413)
at org.testng.Assert.assertTrue(Assert.java:56)
at org.testng.Assert.assertTrue(Assert.java:66)
at definitions.data.HRISBukcetDataDefine.validateSearch(HRISBukcetDataDefine.java:518)
at ✽.User validate search 90(file:///D:/Project/Java/TestNG/HRIS/src/test/resources/features/003-MODUL%20APPROVAL/HRISSearchAndEntries.feature:10)
]]>
    </failure>
  </testcase> <!-- runScenario -->
  <system-out/>
  <testcase classname="runner.approval.HRISSearchAndEntriesRunner" name="runScenario" time="15.909">
    <failure message="expected [true] but found [false]" type="java.lang.AssertionError">
      <![CDATA[java.lang.AssertionError: expected [true] but found [false]
at org.testng.Assert.fail(Assert.java:110)
at org.testng.Assert.failNotEquals(Assert.java:1413)
at org.testng.Assert.assertTrue(Assert.java:56)
at org.testng.Assert.assertTrue(Assert.java:66)
at definitions.data.HRISBukcetDataDefine.validateSearch(HRISBukcetDataDefine.java:515)
at ✽.User validate search November(file:///D:/Project/Java/TestNG/HRIS/src/test/resources/features/003-MODUL%20APPROVAL/HRISSearchAndEntries.feature:10)
]]>
    </failure>
  </testcase> <!-- runScenario -->
  <system-out/>
  <testcase classname="runner.approval.HRISSearchAndEntriesRunner" name="runScenario" time="13.223"/>
  <system-out/>
  <testcase classname="runner.approval.HRISSearchAndEntriesRunner" name="runScenario" time="16.366">
    <failure message="expected [true] but found [false]" type="java.lang.AssertionError">
      <![CDATA[java.lang.AssertionError: expected [true] but found [false]
at org.testng.Assert.fail(Assert.java:110)
at org.testng.Assert.failNotEquals(Assert.java:1413)
at org.testng.Assert.assertTrue(Assert.java:56)
at org.testng.Assert.assertTrue(Assert.java:66)
at definitions.data.HRISBukcetDataDefine.validateSearch(HRISBukcetDataDefine.java:527)
at ✽.User validate search Incomplete(file:///D:/Project/Java/TestNG/HRIS/src/test/resources/features/003-MODUL%20APPROVAL/HRISSearchAndEntries.feature:10)
]]>
    </failure>
  </testcase> <!-- runScenario -->
  <system-out/>
  <testcase classname="runner.approval.HRISSearchAndEntriesRunner" name="runScenario" time="12.524"/>
  <system-out/>
  <testcase classname="runner.approval.HRISSearchAndEntriesRunner" name="runScenario" time="19.324">
    <failure message="expected [true] but found [false]" type="java.lang.AssertionError">
      <![CDATA[java.lang.AssertionError: expected [true] but found [false]
at org.testng.Assert.fail(Assert.java:110)
at org.testng.Assert.failNotEquals(Assert.java:1413)
at org.testng.Assert.assertTrue(Assert.java:56)
at org.testng.Assert.assertTrue(Assert.java:66)
at definitions.data.HRISBukcetDataDefine.validateSearch(HRISBukcetDataDefine.java:521)
at ✽.User validate search Annual(file:///D:/Project/Java/TestNG/HRIS/src/test/resources/features/003-MODUL%20APPROVAL/HRISSearchAndEntries.feature:10)
]]>
    </failure>
  </testcase> <!-- runScenario -->
  <system-out/>
  <testcase classname="runner.approval.HRISSearchAndEntriesRunner" name="runScenario" time="17.150">
    <failure message="expected [true] but found [false]" type="java.lang.AssertionError">
      <![CDATA[java.lang.AssertionError: expected [true] but found [false]
at org.testng.Assert.fail(Assert.java:110)
at org.testng.Assert.failNotEquals(Assert.java:1413)
at org.testng.Assert.assertTrue(Assert.java:56)
at org.testng.Assert.assertTrue(Assert.java:66)
at definitions.data.HRISBukcetDataDefine.validateSearch(HRISBukcetDataDefine.java:524)
at ✽.User validate search persalinan(file:///D:/Project/Java/TestNG/HRIS/src/test/resources/features/003-MODUL%20APPROVAL/HRISSearchAndEntries.feature:10)
]]>
    </failure>
  </testcase> <!-- runScenario -->
  <system-out/>
  <testcase classname="runner.approval.HRISSearchAndEntriesRunner" name="runScenario" time="14.134"/>
  <system-out/>
</testsuite> <!-- runner.approval.HRISSearchAndEntriesRunner -->
