<?xml version="1.0" encoding="UTF-8"?>
<!-- Generated by org.testng.reporters.JUnitReportReporter -->
<testsuite hostname="DESKTOP-S76SA9N" failures="0" tests="4" name="runner.dashboard.HRISDashboardSPVRunner" time="36.164" errors="0" timestamp="2022-07-09T11:12:21 ICT" skipped="0">
  <testcase classname="runner.dashboard.HRISDashboardSPVRunner" name="runScenario" time="10.219"/>
  <system-out/>
  <testcase classname="runner.dashboard.HRISDashboardSPVRunner" name="runScenario" time="10.422"/>
  <system-out/>
  <testcase classname="runner.dashboard.HRISDashboardSPVRunner" name="runScenario" time="6.721"/>
  <system-out/>
  <testcase classname="runner.dashboard.HRISDashboardSPVRunner" name="runScenario" time="8.802"/>
  <system-out/>
</testsuite> <!-- runner.dashboard.HRISDashboardSPVRunner -->
