<?xml version="1.0" encoding="UTF-8"?>
<!-- Generated by org.testng.reporters.JUnitReportReporter -->
<testsuite hostname="DESKTOP-S76SA9N" failures="0" tests="2" name="runner.login.HRISPageSignInMNGRRunner" time="19.152" errors="0" timestamp="2022-07-12T09:39:24 ICT" skipped="0">
  <testcase classname="runner.login.HRISPageSignInMNGRRunner" name="runScenario" time="8.609"/>
  <system-out/>
  <testcase classname="runner.login.HRISPageSignInMNGRRunner" name="runScenario" time="10.543"/>
  <system-out/>
</testsuite> <!-- runner.login.HRISPageSignInMNGRRunner -->
