<?xml version="1.0" encoding="UTF-8"?>
<!-- Generated by org.testng.reporters.JUnitReportReporter -->
<testsuite hostname="DESKTOP-S76SA9N" failures="0" tests="2" name="runner.login.HRISPageSignInSPVRunner" time="13.038" errors="0" timestamp="2022-07-09T11:12:21 ICT" skipped="0">
  <testcase classname="runner.login.HRISPageSignInSPVRunner" name="runScenario" time="5.588"/>
  <system-out/>
  <testcase classname="runner.login.HRISPageSignInSPVRunner" name="runScenario" time="7.450"/>
  <system-out/>
</testsuite> <!-- runner.login.HRISPageSignInSPVRunner -->
