<?xml version="1.0" encoding="UTF-8"?>
<!-- Generated by org.testng.reporters.JUnitReportReporter -->
<testsuite hostname="DESKTOP-S76SA9N" failures="0" tests="2" name="runner.HRISShowEntriesRunner" time="24.795" errors="0" timestamp="2022-07-06T22:16:38 ICT" skipped="0">
  <testcase classname="runner.HRISShowEntriesRunner" name="runScenario" time="11.217"/>
  <system-out/>
  <testcase classname="runner.HRISShowEntriesRunner" name="runScenario" time="13.578"/>
  <system-out/>
</testsuite> <!-- runner.HRISShowEntriesRunner -->
