<?xml version="1.0" encoding="UTF-8"?>
<!-- Generated by org.testng.reporters.JUnitReportReporter -->
<testsuite hostname="DESKTOP-S76SA9N" failures="0" tests="2" name="runner.HRISPagePengajuanRunner" time="28.416" errors="0" timestamp="2022-07-06T08:23:50 ICT" skipped="0">
  <testcase classname="runner.HRISPagePengajuanRunner" name="runScenario" time="13.215"/>
  <system-out/>
  <testcase classname="runner.HRISPagePengajuanRunner" name="runScenario" time="15.201"/>
  <system-out/>
</testsuite> <!-- runner.HRISPagePengajuanRunner -->
