<?xml version="1.0" encoding="UTF-8"?>
<!-- Generated by org.testng.reporters.JUnitReportReporter -->
<testsuite hostname="DESKTOP-S76SA9N" failures="0" tests="10" name="runner.pengajuan.HRISSelectLeaveTypeRunner" time="171.196" errors="0" timestamp="2022-07-09T02:32:38 ICT" skipped="0">
  <testcase classname="runner.pengajuan.HRISSelectLeaveTypeRunner" name="runScenario" time="19.922"/>
  <system-out/>
  <testcase classname="runner.pengajuan.HRISSelectLeaveTypeRunner" name="runScenario" time="19.245"/>
  <system-out/>
  <testcase classname="runner.pengajuan.HRISSelectLeaveTypeRunner" name="runScenario" time="19.355"/>
  <system-out/>
  <testcase classname="runner.pengajuan.HRISSelectLeaveTypeRunner" name="runScenario" time="8.867"/>
  <system-out/>
  <testcase classname="runner.pengajuan.HRISSelectLeaveTypeRunner" name="runScenario" time="18.875"/>
  <system-out/>
  <testcase classname="runner.pengajuan.HRISSelectLeaveTypeRunner" name="runScenario" time="18.823"/>
  <system-out/>
  <testcase classname="runner.pengajuan.HRISSelectLeaveTypeRunner" name="runScenario" time="18.654"/>
  <system-out/>
  <testcase classname="runner.pengajuan.HRISSelectLeaveTypeRunner" name="runScenario" time="19.213"/>
  <system-out/>
  <testcase classname="runner.pengajuan.HRISSelectLeaveTypeRunner" name="runScenario" time="18.301"/>
  <system-out/>
  <testcase classname="runner.pengajuan.HRISSelectLeaveTypeRunner" name="runScenario" time="9.941"/>
  <system-out/>
</testsuite> <!-- runner.pengajuan.HRISSelectLeaveTypeRunner -->
