<?xml version="1.0" encoding="UTF-8"?>
<!-- Generated by org.testng.reporters.JUnitReportReporter -->
<testsuite hostname="DESKTOP-S76SA9N" failures="0" tests="4" name="runner.pengajuan.HRISDoubleSubmitRunner" time="175.244" errors="0" timestamp="2022-07-14T21:24:32 ICT" skipped="0">
  <testcase classname="runner.pengajuan.HRISDoubleSubmitRunner" name="runScenario" time="24.597"/>
  <system-out/>
  <testcase classname="runner.pengajuan.HRISDoubleSubmitRunner" name="runScenario" time="57.971"/>
  <system-out/>
  <testcase classname="runner.pengajuan.HRISDoubleSubmitRunner" name="runScenario" time="53.499"/>
  <system-out/>
  <testcase classname="runner.pengajuan.HRISDoubleSubmitRunner" name="runScenario" time="39.177"/>
  <system-out/>
</testsuite> <!-- runner.pengajuan.HRISDoubleSubmitRunner -->
