<?xml version="1.0" encoding="UTF-8"?>
<!-- Generated by org.testng.reporters.JUnitReportReporter -->
<testsuite hostname="DESKTOP-S76SA9N" failures="3" tests="7" name="runner.pengajuan.HRISTanggalCutiRunner" time="167.684" errors="0" timestamp="2022-07-09T11:12:21 ICT" skipped="0">
  <testcase classname="runner.pengajuan.HRISTanggalCutiRunner" name="runScenario" time="43.528">
    <failure message="expected [true] but found [false]" type="java.lang.AssertionError">
      <![CDATA[java.lang.AssertionError: expected [true] but found [false]
at org.testng.Assert.fail(Assert.java:110)
at org.testng.Assert.failNotEquals(Assert.java:1413)
at org.testng.Assert.assertTrue(Assert.java:56)
at org.testng.Assert.assertTrue(Assert.java:66)
at definitions.data.HRISBukcetDataDefine.checkAction(HRISBukcetDataDefine.java:399)
at ✽.Check action(file:///D:/Project/Java/TestNG/HRIS/src/test/resources/features/003-MODUL%20PENGAJUAN%20CUTI/HRISTanggalCuti.feature:14)
]]>
    </failure>
  </testcase> <!-- runScenario -->
  <system-out/>
  <testcase classname="runner.pengajuan.HRISTanggalCutiRunner" name="runScenario" time="19.945"/>
  <system-out/>
  <testcase classname="runner.pengajuan.HRISTanggalCutiRunner" name="runScenario" time="10.832">
    <failure message="expected [The leave periode field is required.] but found []" type="java.lang.AssertionError">
      <![CDATA[java.lang.AssertionError: expected [The leave periode field is required.] but found []
at org.testng.Assert.fail(Assert.java:110)
at org.testng.Assert.failNotEquals(Assert.java:1413)
at org.testng.Assert.assertEqualsImpl(Assert.java:149)
at org.testng.Assert.assertEquals(Assert.java:131)
at org.testng.Assert.assertEquals(Assert.java:655)
at org.testng.Assert.assertEquals(Assert.java:665)
at definitions.data.HRISBukcetDataDefine.dateFieldError(HRISBukcetDataDefine.java:229)
at ✽.Show error date field(file:///D:/Project/Java/TestNG/HRIS/src/test/resources/features/003-MODUL%20PENGAJUAN%20CUTI/HRISTanggalCuti.feature:75)
]]>
    </failure>
  </testcase> <!-- runScenario -->
  <system-out/>
  <testcase classname="runner.pengajuan.HRISTanggalCutiRunner" name="runScenario" time="11.518"/>
  <system-out/>
  <testcase classname="runner.pengajuan.HRISTanggalCutiRunner" name="runScenario" time="42.124">
    <failure message="expected [true] but found [false]" type="java.lang.AssertionError">
      <![CDATA[java.lang.AssertionError: expected [true] but found [false]
at org.testng.Assert.fail(Assert.java:110)
at org.testng.Assert.failNotEquals(Assert.java:1413)
at org.testng.Assert.assertTrue(Assert.java:56)
at org.testng.Assert.assertTrue(Assert.java:66)
at definitions.data.HRISBukcetDataDefine.checkAction(HRISBukcetDataDefine.java:399)
at ✽.Check action(file:///D:/Project/Java/TestNG/HRIS/src/test/resources/features/003-MODUL%20PENGAJUAN%20CUTI/HRISTanggalCuti.feature:14)
]]>
    </failure>
  </testcase> <!-- runScenario -->
  <system-out/>
  <testcase classname="runner.pengajuan.HRISTanggalCutiRunner" name="runScenario" time="21.848"/>
  <system-out/>
  <testcase classname="runner.pengajuan.HRISTanggalCutiRunner" name="runScenario" time="17.889"/>
  <system-out/>
</testsuite> <!-- runner.pengajuan.HRISTanggalCutiRunner -->
