<?xml version="1.0" encoding="UTF-8"?>
<!-- Generated by org.testng.reporters.JUnitReportReporter -->
<testsuite hostname="DESKTOP-S76SA9N" failures="0" tests="6" name="runner.login.HRISLoginMNGRRunner" time="97.475" errors="0" timestamp="2022-07-12T09:39:24 ICT" skipped="0">
  <testcase classname="runner.login.HRISLoginMNGRRunner" name="runScenario" time="22.810"/>
  <system-out/>
  <testcase classname="runner.login.HRISLoginMNGRRunner" name="runScenario" time="12.282"/>
  <system-out/>
  <testcase classname="runner.login.HRISLoginMNGRRunner" name="runScenario" time="15.199"/>
  <system-out/>
  <testcase classname="runner.login.HRISLoginMNGRRunner" name="runScenario" time="11.477"/>
  <system-out/>
  <testcase classname="runner.login.HRISLoginMNGRRunner" name="runScenario" time="23.341"/>
  <system-out/>
  <testcase classname="runner.login.HRISLoginMNGRRunner" name="runScenario" time="12.366"/>
  <system-out/>
</testsuite> <!-- runner.login.HRISLoginMNGRRunner -->
