<?xml version="1.0" encoding="UTF-8"?>
<!-- Generated by org.testng.reporters.JUnitReportReporter -->
<testsuite hostname="DESKTOP-S76SA9N" failures="2" tests="7" name="runner.pengajuan.HRISTanggalCutiRunner" time="195.242" errors="0" timestamp="2022-07-12T14:57:57 ICT" skipped="0">
  <testcase classname="runner.pengajuan.HRISTanggalCutiRunner" name="runScenario" time="21.501"/>
  <system-out/>
  <testcase classname="runner.pengajuan.HRISTanggalCutiRunner" name="runScenario" time="14.973"/>
  <system-out/>
  <testcase classname="runner.pengajuan.HRISTanggalCutiRunner" name="runScenario" time="50.742">
    <failure message="expected [true] but found [false]" type="java.lang.AssertionError">
      <![CDATA[java.lang.AssertionError: expected [true] but found [false]
at org.testng.Assert.fail(Assert.java:110)
at org.testng.Assert.failNotEquals(Assert.java:1413)
at org.testng.Assert.assertTrue(Assert.java:56)
at org.testng.Assert.assertTrue(Assert.java:66)
at definitions.data.HRISBukcetDataDefine.checkAction(HRISBukcetDataDefine.java:624)
at ✽.Check action(file:///D:/Project/Java/TestNG/HRIS/src/test/resources/features/003-MODUL%20PENGAJUAN%20CUTI/HRISTanggalCuti.feature:14)
]]>
    </failure>
  </testcase> <!-- runScenario -->
  <system-out/>
  <testcase classname="runner.pengajuan.HRISTanggalCutiRunner" name="runScenario" time="25.029"/>
  <system-out/>
  <testcase classname="runner.pengajuan.HRISTanggalCutiRunner" name="runScenario" time="14.293"/>
  <system-out/>
  <testcase classname="runner.pengajuan.HRISTanggalCutiRunner" name="runScenario" time="45.141">
    <failure message="expected [true] but found [false]" type="java.lang.AssertionError">
      <![CDATA[java.lang.AssertionError: expected [true] but found [false]
at org.testng.Assert.fail(Assert.java:110)
at org.testng.Assert.failNotEquals(Assert.java:1413)
at org.testng.Assert.assertTrue(Assert.java:56)
at org.testng.Assert.assertTrue(Assert.java:66)
at definitions.data.HRISBukcetDataDefine.checkAction(HRISBukcetDataDefine.java:624)
at ✽.Check action(file:///D:/Project/Java/TestNG/HRIS/src/test/resources/features/003-MODUL%20PENGAJUAN%20CUTI/HRISTanggalCuti.feature:14)
]]>
    </failure>
  </testcase> <!-- runScenario -->
  <system-out/>
  <testcase classname="runner.pengajuan.HRISTanggalCutiRunner" name="runScenario" time="23.563"/>
  <system-out/>
</testsuite> <!-- runner.pengajuan.HRISTanggalCutiRunner -->
