<?xml version="1.0" encoding="UTF-8"?>
<!-- Generated by org.testng.reporters.JUnitReportReporter -->
<testsuite hostname="DESKTOP-S76SA9N" failures="0" tests="11" name="runner.pengajuan.HRISSelectLeaveTypeRunner" time="210.135" errors="0" timestamp="2022-07-14T21:24:32 ICT" skipped="0">
  <testcase classname="runner.pengajuan.HRISSelectLeaveTypeRunner" name="runScenario" time="21.058"/>
  <system-out/>
  <testcase classname="runner.pengajuan.HRISSelectLeaveTypeRunner" name="runScenario" time="11.745"/>
  <system-out/>
  <testcase classname="runner.pengajuan.HRISSelectLeaveTypeRunner" name="runScenario" time="25.420"/>
  <system-out/>
  <testcase classname="runner.pengajuan.HRISSelectLeaveTypeRunner" name="runScenario" time="21.986"/>
  <system-out/>
  <testcase classname="runner.pengajuan.HRISSelectLeaveTypeRunner" name="runScenario" time="22.402"/>
  <system-out/>
  <testcase classname="runner.pengajuan.HRISSelectLeaveTypeRunner" name="runScenario" time="21.570"/>
  <system-out/>
  <testcase classname="runner.pengajuan.HRISSelectLeaveTypeRunner" name="runScenario" time="9.319"/>
  <system-out/>
  <testcase classname="runner.pengajuan.HRISSelectLeaveTypeRunner" name="runScenario" time="22.801"/>
  <system-out/>
  <testcase classname="runner.pengajuan.HRISSelectLeaveTypeRunner" name="runScenario" time="11.410"/>
  <system-out/>
  <testcase classname="runner.pengajuan.HRISSelectLeaveTypeRunner" name="runScenario" time="21.132"/>
  <system-out/>
  <testcase classname="runner.pengajuan.HRISSelectLeaveTypeRunner" name="runScenario" time="21.292"/>
  <system-out/>
</testsuite> <!-- runner.pengajuan.HRISSelectLeaveTypeRunner -->
