<?xml version="1.0" encoding="UTF-8"?>
<!-- Generated by org.testng.reporters.JUnitReportReporter -->
<testsuite hostname="DESKTOP-S76SA9N" failures="4" tests="8" name="runner.approval.HRISSearchAndEntriesRunner" time="142.936" errors="0" timestamp="2022-07-14T21:24:32 ICT" skipped="0">
  <testcase classname="runner.approval.HRISSearchAndEntriesRunner" name="runScenario" time="17.164"/>
  <system-out/>
  <testcase classname="runner.approval.HRISSearchAndEntriesRunner" name="runScenario" time="18.031"/>
  <system-out/>
  <testcase classname="runner.approval.HRISSearchAndEntriesRunner" name="runScenario" time="18.150">
    <failure message="expected [true] but found [false]" type="java.lang.AssertionError">
      <![CDATA[java.lang.AssertionError: expected [true] but found [false]
at org.testng.Assert.fail(Assert.java:110)
at org.testng.Assert.failNotEquals(Assert.java:1413)
at org.testng.Assert.assertTrue(Assert.java:56)
at org.testng.Assert.assertTrue(Assert.java:66)
at definitions.data.HRISBukcetDataDefine.validateSearch(HRISBukcetDataDefine.java:533)
at ✽.User validate search persalinan(file:///D:/Project/Java/TestNG/HRIS/src/test/resources/features/003-MODUL%20APPROVAL/HRISSearchAndEntries.feature:10)
]]>
    </failure>
  </testcase> <!-- runScenario -->
  <system-out>
    <![CDATA[<img src='file://D:\Project\Java\TestNG\HRIS\src\test\resources\SS\20220714_202447.PNG'height="350" width="792"/>]]>
  </system-out>
  <testcase classname="runner.approval.HRISSearchAndEntriesRunner" name="runScenario" time="18.072"/>
  <system-out/>
  <testcase classname="runner.approval.HRISSearchAndEntriesRunner" name="runScenario" time="18.127">
    <failure message="expected [true] but found [false]" type="java.lang.AssertionError">
      <![CDATA[java.lang.AssertionError: expected [true] but found [false]
at org.testng.Assert.fail(Assert.java:110)
at org.testng.Assert.failNotEquals(Assert.java:1413)
at org.testng.Assert.assertTrue(Assert.java:56)
at org.testng.Assert.assertTrue(Assert.java:66)
at definitions.data.HRISBukcetDataDefine.validateSearch(HRISBukcetDataDefine.java:536)
at ✽.User validate search Incomplete(file:///D:/Project/Java/TestNG/HRIS/src/test/resources/features/003-MODUL%20APPROVAL/HRISSearchAndEntries.feature:10)
]]>
    </failure>
  </testcase> <!-- runScenario -->
  <system-out>
    <![CDATA[<img src='file://D:\Project\Java\TestNG\HRIS\src\test\resources\SS\20220714_202505.PNG'height="350" width="792"/>]]>
  </system-out>
  <testcase classname="runner.approval.HRISSearchAndEntriesRunner" name="runScenario" time="18.445">
    <failure message="expected [true] but found [false]" type="java.lang.AssertionError">
      <![CDATA[java.lang.AssertionError: expected [true] but found [false]
at org.testng.Assert.fail(Assert.java:110)
at org.testng.Assert.failNotEquals(Assert.java:1413)
at org.testng.Assert.assertTrue(Assert.java:56)
at org.testng.Assert.assertTrue(Assert.java:66)
at definitions.data.HRISBukcetDataDefine.validateSearch(HRISBukcetDataDefine.java:527)
at ✽.User validate search 90(file:///D:/Project/Java/TestNG/HRIS/src/test/resources/features/003-MODUL%20APPROVAL/HRISSearchAndEntries.feature:10)
]]>
    </failure>
  </testcase> <!-- runScenario -->
  <system-out>
    <![CDATA[<img src='file://D:\Project\Java\TestNG\HRIS\src\test\resources\SS\20220714_202412.PNG'height="350" width="792"/>]]>
  </system-out>
  <testcase classname="runner.approval.HRISSearchAndEntriesRunner" name="runScenario" time="15.616"/>
  <system-out/>
  <testcase classname="runner.approval.HRISSearchAndEntriesRunner" name="runScenario" time="19.331">
    <failure message="expected [true] but found [false]" type="java.lang.AssertionError">
      <![CDATA[java.lang.AssertionError: expected [true] but found [false]
at org.testng.Assert.fail(Assert.java:110)
at org.testng.Assert.failNotEquals(Assert.java:1413)
at org.testng.Assert.assertTrue(Assert.java:56)
at org.testng.Assert.assertTrue(Assert.java:66)
at definitions.data.HRISBukcetDataDefine.validateSearch(HRISBukcetDataDefine.java:524)
at ✽.User validate search November(file:///D:/Project/Java/TestNG/HRIS/src/test/resources/features/003-MODUL%20APPROVAL/HRISSearchAndEntries.feature:10)
]]>
    </failure>
  </testcase> <!-- runScenario -->
  <system-out>
    <![CDATA[<img src='file://D:\Project\Java\TestNG\HRIS\src\test\resources\SS\20220714_202353.PNG'height="350" width="792"/>]]>
  </system-out>
</testsuite> <!-- runner.approval.HRISSearchAndEntriesRunner -->
