<?xml version="1.0" encoding="UTF-8"?>
<!-- Generated by org.testng.reporters.JUnitReportReporter -->
<testsuite hostname="DESKTOP-S76SA9N" failures="0" tests="2" name="runner.login.HRISLogoutSPVRunner" time="25.721" errors="0" timestamp="2022-07-09T02:32:38 ICT" skipped="0">
  <testcase classname="runner.login.HRISLogoutSPVRunner" name="runScenario" time="12.743"/>
  <system-out/>
  <testcase classname="runner.login.HRISLogoutSPVRunner" name="runScenario" time="12.978"/>
  <system-out/>
</testsuite> <!-- runner.login.HRISLogoutSPVRunner -->
