<?xml version="1.0" encoding="UTF-8"?>
<!-- Generated by org.testng.reporters.JUnitReportReporter -->
<testsuite hostname="DESKTOP-S76SA9N" failures="0" tests="4" name="runner.pengajuan.HRISDoubleSubmitRunner" time="170.576" errors="0" timestamp="2022-07-12T14:57:57 ICT" skipped="0">
  <testcase classname="runner.pengajuan.HRISDoubleSubmitRunner" name="runScenario" time="24.033"/>
  <system-out/>
  <testcase classname="runner.pengajuan.HRISDoubleSubmitRunner" name="runScenario" time="64.991"/>
  <system-out/>
  <testcase classname="runner.pengajuan.HRISDoubleSubmitRunner" name="runScenario" time="47.964"/>
  <system-out/>
  <testcase classname="runner.pengajuan.HRISDoubleSubmitRunner" name="runScenario" time="33.588"/>
  <system-out/>
</testsuite> <!-- runner.pengajuan.HRISDoubleSubmitRunner -->
