<?xml version="1.0" encoding="UTF-8"?>
<!-- Generated by org.testng.reporters.JUnitReportReporter -->
<testsuite hostname="DESKTOP-S76SA9N" failures="0" tests="6" name="runner.login.HRISLoginSPVRunner" time="87.046" errors="0" timestamp="2022-07-09T02:32:38 ICT" skipped="0">
  <testcase classname="runner.login.HRISLoginSPVRunner" name="runScenario" time="21.895"/>
  <system-out/>
  <testcase classname="runner.login.HRISLoginSPVRunner" name="runScenario" time="9.961"/>
  <system-out/>
  <testcase classname="runner.login.HRISLoginSPVRunner" name="runScenario" time="10.533"/>
  <system-out/>
  <testcase classname="runner.login.HRISLoginSPVRunner" name="runScenario" time="12.025"/>
  <system-out/>
  <testcase classname="runner.login.HRISLoginSPVRunner" name="runScenario" time="22.055"/>
  <system-out/>
  <testcase classname="runner.login.HRISLoginSPVRunner" name="runScenario" time="10.577"/>
  <system-out/>
</testsuite> <!-- runner.login.HRISLoginSPVRunner -->
