<?xml version="1.0" encoding="UTF-8"?>
<!-- Generated by org.testng.reporters.JUnitReportReporter -->
<testsuite hostname="DESKTOP-S76SA9N" failures="0" tests="4" name="runner.signature.HRISDrawSignatureSPVRunner" time="38.539" errors="0" timestamp="2022-07-10T22:47:09 ICT" skipped="0">
  <testcase classname="runner.signature.HRISDrawSignatureSPVRunner" name="runScenario" time="9.214"/>
  <system-out/>
  <testcase classname="runner.signature.HRISDrawSignatureSPVRunner" name="runScenario" time="10.432"/>
  <system-out/>
  <testcase classname="runner.signature.HRISDrawSignatureSPVRunner" name="runScenario" time="9.840"/>
  <system-out/>
  <testcase classname="runner.signature.HRISDrawSignatureSPVRunner" name="runScenario" time="9.053"/>
  <system-out/>
</testsuite> <!-- runner.signature.HRISDrawSignatureSPVRunner -->
