<?xml version="1.0" encoding="UTF-8"?>
<!-- Generated by org.testng.reporters.JUnitReportReporter -->
<testsuite hostname="DESKTOP-S76SA9N" failures="0" tests="6" name="runner.HRISResultTableCutiRunner" time="66.934" errors="0" timestamp="2022-07-06T08:50:08 ICT" skipped="0">
  <testcase classname="runner.HRISResultTableCutiRunner" name="runScenario" time="10.296"/>
  <system-out/>
  <testcase classname="runner.HRISResultTableCutiRunner" name="runScenario" time="11.209"/>
  <system-out/>
  <testcase classname="runner.HRISResultTableCutiRunner" name="runScenario" time="12.522"/>
  <system-out/>
  <testcase classname="runner.HRISResultTableCutiRunner" name="runScenario" time="11.936"/>
  <system-out/>
  <testcase classname="runner.HRISResultTableCutiRunner" name="runScenario" time="10.425"/>
  <system-out/>
  <testcase classname="runner.HRISResultTableCutiRunner" name="runScenario" time="10.546"/>
  <system-out/>
</testsuite> <!-- runner.HRISResultTableCutiRunner -->
