<?xml version="1.0" encoding="UTF-8"?>
<!-- Generated by org.testng.reporters.JUnitReportReporter -->
<testsuite hostname="DESKTOP-S76SA9N" failures="0" tests="4" name="runner.dashboard.HRISDashboardSPVRunner" time="42.725" errors="0" timestamp="2022-07-12T14:57:57 ICT" skipped="0">
  <testcase classname="runner.dashboard.HRISDashboardSPVRunner" name="runScenario" time="8.868"/>
  <system-out/>
  <testcase classname="runner.dashboard.HRISDashboardSPVRunner" name="runScenario" time="10.995"/>
  <system-out/>
  <testcase classname="runner.dashboard.HRISDashboardSPVRunner" name="runScenario" time="13.683"/>
  <system-out/>
  <testcase classname="runner.dashboard.HRISDashboardSPVRunner" name="runScenario" time="9.179"/>
  <system-out/>
</testsuite> <!-- runner.dashboard.HRISDashboardSPVRunner -->
