<?xml version="1.0" encoding="UTF-8"?>
<!-- Generated by org.testng.reporters.JUnitReportReporter -->
<testsuite hostname="DESKTOP-S76SA9N" failures="0" tests="11" name="runner.pengajuan.HRISSelectLeaveTypeRunner" time="189.970" errors="0" timestamp="2022-07-10T22:47:09 ICT" skipped="0">
  <testcase classname="runner.pengajuan.HRISSelectLeaveTypeRunner" name="runScenario" time="11.335"/>
  <system-out/>
  <testcase classname="runner.pengajuan.HRISSelectLeaveTypeRunner" name="runScenario" time="19.279"/>
  <system-out/>
  <testcase classname="runner.pengajuan.HRISSelectLeaveTypeRunner" name="runScenario" time="20.994"/>
  <system-out/>
  <testcase classname="runner.pengajuan.HRISSelectLeaveTypeRunner" name="runScenario" time="9.028"/>
  <system-out/>
  <testcase classname="runner.pengajuan.HRISSelectLeaveTypeRunner" name="runScenario" time="19.084"/>
  <system-out/>
  <testcase classname="runner.pengajuan.HRISSelectLeaveTypeRunner" name="runScenario" time="18.444"/>
  <system-out/>
  <testcase classname="runner.pengajuan.HRISSelectLeaveTypeRunner" name="runScenario" time="12.515"/>
  <system-out/>
  <testcase classname="runner.pengajuan.HRISSelectLeaveTypeRunner" name="runScenario" time="19.311"/>
  <system-out/>
  <testcase classname="runner.pengajuan.HRISSelectLeaveTypeRunner" name="runScenario" time="19.197"/>
  <system-out/>
  <testcase classname="runner.pengajuan.HRISSelectLeaveTypeRunner" name="runScenario" time="21.737"/>
  <system-out/>
  <testcase classname="runner.pengajuan.HRISSelectLeaveTypeRunner" name="runScenario" time="19.046"/>
  <system-out/>
</testsuite> <!-- runner.pengajuan.HRISSelectLeaveTypeRunner -->
