<?xml version="1.0" encoding="UTF-8"?>
<!-- Generated by org.testng.reporters.JUnitReportReporter -->
<testsuite hostname="DESKTOP-S76SA9N" failures="0" tests="2" name="runner.OpenPengajuanCutiRunner" time="26.427" errors="0" timestamp="2022-07-04T14:19:12 ICT" skipped="0">
  <testcase classname="runner.OpenPengajuanCutiRunner" name="runScenario" time="12.669"/>
  <system-out/>
  <testcase classname="runner.OpenPengajuanCutiRunner" name="runScenario" time="13.758"/>
  <system-out/>
</testsuite> <!-- runner.OpenPengajuanCutiRunner -->
