<?xml version="1.0" encoding="UTF-8"?>
<!-- Generated by org.testng.reporters.JUnitReportReporter -->
<testsuite hostname="DESKTOP-S76SA9N" failures="0" tests="4" name="runner.pengajuan.HRISDoubleSubmitRunner" time="233.839" errors="0" timestamp="2022-07-13T11:31:36 ICT" skipped="0">
  <testcase classname="runner.pengajuan.HRISDoubleSubmitRunner" name="runScenario" time="35.469"/>
  <system-out/>
  <testcase classname="runner.pengajuan.HRISDoubleSubmitRunner" name="runScenario" time="92.466"/>
  <system-out/>
  <testcase classname="runner.pengajuan.HRISDoubleSubmitRunner" name="runScenario" time="69.308"/>
  <system-out/>
  <testcase classname="runner.pengajuan.HRISDoubleSubmitRunner" name="runScenario" time="36.596"/>
  <system-out/>
</testsuite> <!-- runner.pengajuan.HRISDoubleSubmitRunner -->
