<?xml version="1.0" encoding="UTF-8"?>
<!-- Generated by org.testng.reporters.JUnitReportReporter -->
<testsuite hostname="DESKTOP-S76SA9N" failures="0" tests="6" name="runner.LoginRunner" time="45.534" errors="0" timestamp="2022-07-04T14:34:31 ICT" skipped="0">
  <testcase classname="runner.LoginRunner" name="runScenario" time="6.911"/>
  <system-out/>
  <testcase classname="runner.LoginRunner" name="runScenario" time="6.535"/>
  <system-out/>
  <testcase classname="runner.LoginRunner" name="runScenario" time="6.689"/>
  <system-out/>
  <testcase classname="runner.LoginRunner" name="runScenario" time="12.114"/>
  <system-out/>
  <testcase classname="runner.LoginRunner" name="runScenario" time="6.715"/>
  <system-out/>
  <testcase classname="runner.LoginRunner" name="runScenario" time="6.570"/>
  <system-out/>
</testsuite> <!-- runner.LoginRunner -->
