<?xml version="1.0" encoding="UTF-8"?>
<!-- Generated by org.testng.reporters.JUnitReportReporter -->
<testsuite hostname="DESKTOP-S76SA9N" failures="2" tests="26" name="runner.pengajuan.HRISCountTanggalCutiRunner" time="419.381" errors="0" timestamp="2022-07-14T21:24:32 ICT" skipped="0">
  <testcase classname="runner.pengajuan.HRISCountTanggalCutiRunner" name="runScenario" time="16.412"/>
  <system-out/>
  <testcase classname="runner.pengajuan.HRISCountTanggalCutiRunner" name="runScenario" time="16.282"/>
  <system-out/>
  <testcase classname="runner.pengajuan.HRISCountTanggalCutiRunner" name="runScenario" time="12.291"/>
  <system-out/>
  <testcase classname="runner.pengajuan.HRISCountTanggalCutiRunner" name="runScenario" time="16.985"/>
  <system-out/>
  <testcase classname="runner.pengajuan.HRISCountTanggalCutiRunner" name="runScenario" time="17.102">
    <failure message="expected [true] but found [false]" type="java.lang.AssertionError">
      <![CDATA[java.lang.AssertionError: expected [true] but found [false]
at org.testng.Assert.fail(Assert.java:110)
at org.testng.Assert.failNotEquals(Assert.java:1413)
at org.testng.Assert.assertTrue(Assert.java:56)
at org.testng.Assert.assertTrue(Assert.java:66)
at definitions.data.HRISBukcetDataDefine.countEquals(HRISBukcetDataDefine.java:593)
at ✽.Count equals 3(file:///D:/Project/Java/TestNG/HRIS/src/test/resources/features/003-MODUL%20PENGAJUAN%20CUTI/HRISCountTanggalCuti.feature:122)
]]>
    </failure>
  </testcase> <!-- runScenario -->
  <system-out>
    <![CDATA[<img src='file://D:\Project\Java\TestNG\HRIS\src\test\resources\SS\20220714_211104.PNG'height="350" width="792"/>]]>
  </system-out>
  <testcase classname="runner.pengajuan.HRISCountTanggalCutiRunner" name="runScenario" time="16.886"/>
  <system-out/>
  <testcase classname="runner.pengajuan.HRISCountTanggalCutiRunner" name="runScenario" time="12.328"/>
  <system-out/>
  <testcase classname="runner.pengajuan.HRISCountTanggalCutiRunner" name="runScenario" time="12.493"/>
  <system-out/>
  <testcase classname="runner.pengajuan.HRISCountTanggalCutiRunner" name="runScenario" time="12.621"/>
  <system-out/>
  <testcase classname="runner.pengajuan.HRISCountTanggalCutiRunner" name="runScenario" time="21.247"/>
  <system-out/>
  <testcase classname="runner.pengajuan.HRISCountTanggalCutiRunner" name="runScenario" time="19.844"/>
  <system-out/>
  <testcase classname="runner.pengajuan.HRISCountTanggalCutiRunner" name="runScenario" time="17.306"/>
  <system-out/>
  <testcase classname="runner.pengajuan.HRISCountTanggalCutiRunner" name="runScenario" time="13.155"/>
  <system-out/>
  <testcase classname="runner.pengajuan.HRISCountTanggalCutiRunner" name="runScenario" time="16.901"/>
  <system-out/>
  <testcase classname="runner.pengajuan.HRISCountTanggalCutiRunner" name="runScenario" time="17.064"/>
  <system-out/>
  <testcase classname="runner.pengajuan.HRISCountTanggalCutiRunner" name="runScenario" time="20.374"/>
  <system-out/>
  <testcase classname="runner.pengajuan.HRISCountTanggalCutiRunner" name="runScenario" time="17.287">
    <failure message="expected [true] but found [false]" type="java.lang.AssertionError">
      <![CDATA[java.lang.AssertionError: expected [true] but found [false]
at org.testng.Assert.fail(Assert.java:110)
at org.testng.Assert.failNotEquals(Assert.java:1413)
at org.testng.Assert.assertTrue(Assert.java:56)
at org.testng.Assert.assertTrue(Assert.java:66)
at definitions.data.HRISBukcetDataDefine.countEquals(HRISBukcetDataDefine.java:593)
at ✽.Count equals 0(file:///D:/Project/Java/TestNG/HRIS/src/test/resources/features/003-MODUL%20PENGAJUAN%20CUTI/HRISCountTanggalCuti.feature:122)
]]>
    </failure>
  </testcase> <!-- runScenario -->
  <system-out>
    <![CDATA[<img src='file://D:\Project\Java\TestNG\HRIS\src\test\resources\SS\20220714_211141.PNG'height="350" width="792"/>]]>
  </system-out>
  <testcase classname="runner.pengajuan.HRISCountTanggalCutiRunner" name="runScenario" time="21.254"/>
  <system-out/>
  <testcase classname="runner.pengajuan.HRISCountTanggalCutiRunner" name="runScenario" time="12.440"/>
  <system-out/>
  <testcase classname="runner.pengajuan.HRISCountTanggalCutiRunner" name="runScenario" time="16.271"/>
  <system-out/>
  <testcase classname="runner.pengajuan.HRISCountTanggalCutiRunner" name="runScenario" time="16.840"/>
  <system-out/>
  <testcase classname="runner.pengajuan.HRISCountTanggalCutiRunner" name="runScenario" time="12.995"/>
  <system-out/>
  <testcase classname="runner.pengajuan.HRISCountTanggalCutiRunner" name="runScenario" time="12.728"/>
  <system-out/>
  <testcase classname="runner.pengajuan.HRISCountTanggalCutiRunner" name="runScenario" time="16.787"/>
  <system-out/>
  <testcase classname="runner.pengajuan.HRISCountTanggalCutiRunner" name="runScenario" time="16.956"/>
  <system-out/>
  <testcase classname="runner.pengajuan.HRISCountTanggalCutiRunner" name="runScenario" time="16.532"/>
  <system-out/>
</testsuite> <!-- runner.pengajuan.HRISCountTanggalCutiRunner -->
