<?xml version="1.0" encoding="UTF-8"?>
<!-- Generated by org.testng.reporters.JUnitReportReporter -->
<testsuite hostname="DESKTOP-S76SA9N" failures="0" tests="4" name="runner.general.HRISLogout" time="55.938" errors="0" timestamp="2022-07-08T06:15:20 ICT" skipped="0">
  <testcase classname="runner.general.HRISLogout" name="runScenario" time="13.876"/>
  <system-out/>
  <testcase classname="runner.general.HRISLogout" name="runScenario" time="13.416"/>
  <system-out/>
  <testcase classname="runner.general.HRISLogout" name="runScenario" time="13.626"/>
  <system-out/>
  <testcase classname="runner.general.HRISLogout" name="runScenario" time="15.020"/>
  <system-out/>
</testsuite> <!-- runner.general.HRISLogout -->
