<?xml version="1.0" encoding="UTF-8"?>
<!-- Generated by org.testng.reporters.JUnitReportReporter -->
<testsuite hostname="DESKTOP-S76SA9N" failures="0" tests="2" name="runner.login.HRISLogoutSPVRunner" time="25.710" errors="0" timestamp="2022-07-14T21:24:32 ICT" skipped="0">
  <testcase classname="runner.login.HRISLogoutSPVRunner" name="runScenario" time="12.717"/>
  <system-out/>
  <testcase classname="runner.login.HRISLogoutSPVRunner" name="runScenario" time="12.993"/>
  <system-out/>
</testsuite> <!-- runner.login.HRISLogoutSPVRunner -->
