<?xml version="1.0" encoding="UTF-8"?>
<!-- Generated by org.testng.reporters.JUnitReportReporter -->
<testsuite hostname="DESKTOP-S76SA9N" failures="0" tests="2" name="runner.pengajuan.HRISStepKeepSessionRunner" time="70.269" errors="0" timestamp="2022-07-08T15:37:59 ICT" skipped="0">
  <testcase classname="runner.pengajuan.HRISStepKeepSessionRunner" name="runScenario" time="38.657"/>
  <system-out/>
  <testcase classname="runner.pengajuan.HRISStepKeepSessionRunner" name="runScenario" time="31.612"/>
  <system-out/>
</testsuite> <!-- runner.pengajuan.HRISStepKeepSessionRunner -->
