<?xml version="1.0" encoding="UTF-8"?>
<!-- Generated by org.testng.reporters.JUnitReportReporter -->
<testsuite hostname="DESKTOP-S76SA9N" failures="0" tests="11" name="runner.pengajuan.HRISSelectLeaveTypeRunner" time="236.104" errors="0" timestamp="2022-07-12T14:57:57 ICT" skipped="0">
  <testcase classname="runner.pengajuan.HRISSelectLeaveTypeRunner" name="runScenario" time="23.898"/>
  <system-out/>
  <testcase classname="runner.pengajuan.HRISSelectLeaveTypeRunner" name="runScenario" time="23.534"/>
  <system-out/>
  <testcase classname="runner.pengajuan.HRISSelectLeaveTypeRunner" name="runScenario" time="25.425"/>
  <system-out/>
  <testcase classname="runner.pengajuan.HRISSelectLeaveTypeRunner" name="runScenario" time="22.799"/>
  <system-out/>
  <testcase classname="runner.pengajuan.HRISSelectLeaveTypeRunner" name="runScenario" time="23.411"/>
  <system-out/>
  <testcase classname="runner.pengajuan.HRISSelectLeaveTypeRunner" name="runScenario" time="14.334"/>
  <system-out/>
  <testcase classname="runner.pengajuan.HRISSelectLeaveTypeRunner" name="runScenario" time="24.161"/>
  <system-out/>
  <testcase classname="runner.pengajuan.HRISSelectLeaveTypeRunner" name="runScenario" time="20.746"/>
  <system-out/>
  <testcase classname="runner.pengajuan.HRISSelectLeaveTypeRunner" name="runScenario" time="25.468"/>
  <system-out/>
  <testcase classname="runner.pengajuan.HRISSelectLeaveTypeRunner" name="runScenario" time="22.553"/>
  <system-out/>
  <testcase classname="runner.pengajuan.HRISSelectLeaveTypeRunner" name="runScenario" time="9.775"/>
  <system-out/>
</testsuite> <!-- runner.pengajuan.HRISSelectLeaveTypeRunner -->
