<?xml version="1.0" encoding="UTF-8"?>
<!-- Generated by org.testng.reporters.JUnitReportReporter -->
<testsuite hostname="DESKTOP-S76SA9N" failures="2" tests="4" name="runner.approval.HRISActionApproveRunner" time="132.001" errors="0" timestamp="2022-07-13T01:46:46 ICT" skipped="0">
  <testcase classname="runner.approval.HRISActionApproveRunner" name="runScenario" time="37.508"/>
  <system-out/>
  <testcase classname="runner.approval.HRISActionApproveRunner" name="runScenario" time="28.011">
    <failure message="expected [false] but found [true]" type="java.lang.AssertionError">
      <![CDATA[java.lang.AssertionError: expected [false] but found [true]
at org.testng.Assert.fail(Assert.java:110)
at org.testng.Assert.failNotEquals(Assert.java:1413)
at org.testng.Assert.assertFalse(Assert.java:78)
at org.testng.Assert.assertFalse(Assert.java:88)
at definitions.data.HRISBukcetDataDefine.validateModalAction(HRISBukcetDataDefine.java:921)
at ✽.User validate modal action "approve"(file:///D:/Project/Java/TestNG/HRIS/src/test/resources/features/003-MODUL%20APPROVAL/HRISActionApprove.feature:101)
]]>
    </failure>
  </testcase> <!-- runScenario -->
  <system-out>
    <![CDATA[<img src='file://D:\Project\Java\TestNG\HRIS\src\test\resources\SS\20220713_010641Action approve cancel no notes.PNG'height="350" width="792"/>]]>
  </system-out>
  <testcase classname="runner.approval.HRISActionApproveRunner" name="runScenario" time="38.141"/>
  <system-out/>
  <testcase classname="runner.approval.HRISActionApproveRunner" name="runScenario" time="28.341">
    <failure message="expected [false] but found [true]" type="java.lang.AssertionError">
      <![CDATA[java.lang.AssertionError: expected [false] but found [true]
at org.testng.Assert.fail(Assert.java:110)
at org.testng.Assert.failNotEquals(Assert.java:1413)
at org.testng.Assert.assertFalse(Assert.java:78)
at org.testng.Assert.assertFalse(Assert.java:88)
at definitions.data.HRISBukcetDataDefine.validateModalAction(HRISBukcetDataDefine.java:921)
at ✽.User validate modal action "approve"(file:///D:/Project/Java/TestNG/HRIS/src/test/resources/features/003-MODUL%20APPROVAL/HRISActionApprove.feature:75)
]]>
    </failure>
  </testcase> <!-- runScenario -->
  <system-out>
    <![CDATA[<img src='file://D:\Project\Java\TestNG\HRIS\src\test\resources\SS\20220713_010613Action approve cancel with notes.PNG'height="350" width="792"/>]]>
  </system-out>
</testsuite> <!-- runner.approval.HRISActionApproveRunner -->
