<?xml version="1.0" encoding="UTF-8"?>
<!-- Generated by org.testng.reporters.JUnitReportReporter -->
<testsuite hostname="DESKTOP-S76SA9N" failures="0" tests="2" name="runner.pengajuan.HRISShowEntriesRunner" time="25.157" errors="0" timestamp="2022-07-07T15:33:24 ICT" skipped="0">
  <testcase classname="runner.pengajuan.HRISShowEntriesRunner" name="runScenario" time="13.167"/>
  <system-out/>
  <testcase classname="runner.pengajuan.HRISShowEntriesRunner" name="runScenario" time="11.990"/>
  <system-out/>
</testsuite> <!-- runner.pengajuan.HRISShowEntriesRunner -->
