<?xml version="1.0" encoding="UTF-8"?>
<!-- Generated by org.testng.reporters.JUnitReportReporter -->
<testsuite hostname="DESKTOP-S76SA9N" failures="0" tests="2" name="runner.HRISGoToPagePengajuanRunner" time="23.778" errors="0" timestamp="2022-07-06T14:37:27 ICT" skipped="0">
  <testcase classname="runner.HRISGoToPagePengajuanRunner" name="runScenario" time="10.991"/>
  <system-out/>
  <testcase classname="runner.HRISGoToPagePengajuanRunner" name="runScenario" time="12.787"/>
  <system-out/>
</testsuite> <!-- runner.HRISGoToPagePengajuanRunner -->
