<?xml version="1.0" encoding="UTF-8"?>
<!-- Generated by org.testng.reporters.JUnitReportReporter -->
<testsuite hostname="DESKTOP-S76SA9N" failures="0" tests="1" name="runner.TestRunner" time="69.658" errors="0" timestamp="2022-07-10T22:09:01 ICT" skipped="0">
  <testcase classname="runner.TestRunner" name="runScenario" time="69.658"/>
  <system-out/>
</testsuite> <!-- runner.TestRunner -->
