<?xml version="1.0" encoding="UTF-8"?>
<!-- Generated by org.testng.reporters.JUnitReportReporter -->
<testsuite hostname="DESKTOP-S76SA9N" failures="0" tests="9" name="runner.pengajuan.HRISTableResultCutiRunner" time="118.091" errors="0" timestamp="2022-07-10T22:47:09 ICT" skipped="0">
  <testcase classname="runner.pengajuan.HRISTableResultCutiRunner" name="runScenario" time="7.776"/>
  <system-out/>
  <testcase classname="runner.pengajuan.HRISTableResultCutiRunner" name="runScenario" time="19.268"/>
  <system-out/>
  <testcase classname="runner.pengajuan.HRISTableResultCutiRunner" name="runScenario" time="30.268"/>
  <system-out/>
  <testcase classname="runner.pengajuan.HRISTableResultCutiRunner" name="runScenario" time="8.754"/>
  <system-out/>
  <testcase classname="runner.pengajuan.HRISTableResultCutiRunner" name="runScenario" time="8.309"/>
  <system-out/>
  <testcase classname="runner.pengajuan.HRISTableResultCutiRunner" name="runScenario" time="19.171"/>
  <system-out/>
  <testcase classname="runner.pengajuan.HRISTableResultCutiRunner" name="runScenario" time="8.101"/>
  <system-out/>
  <testcase classname="runner.pengajuan.HRISTableResultCutiRunner" name="runScenario" time="8.160"/>
  <system-out/>
  <testcase classname="runner.pengajuan.HRISTableResultCutiRunner" name="runScenario" time="8.284"/>
  <system-out/>
</testsuite> <!-- runner.pengajuan.HRISTableResultCutiRunner -->
