<?xml version="1.0" encoding="UTF-8"?>
<!-- Generated by org.testng.reporters.JUnitReportReporter -->
<testsuite hostname="DESKTOP-S76SA9N" failures="0" tests="1" name="runner.TestRunner2" time="64.400" errors="0" timestamp="2022-07-12T23:28:48 ICT" skipped="0">
  <testcase classname="runner.TestRunner2" name="runScenario" time="64.400"/>
  <system-out/>
</testsuite> <!-- runner.TestRunner2 -->
