<?xml version="1.0" encoding="UTF-8"?>
<!-- Generated by org.testng.reporters.JUnitReportReporter -->
<testsuite hostname="DESKTOP-S76SA9N" failures="0" tests="4" name="runner.dashboard.HRISDashboardSPVRunner" time="41.587" errors="0" timestamp="2022-07-14T21:24:32 ICT" skipped="0">
  <testcase classname="runner.dashboard.HRISDashboardSPVRunner" name="runScenario" time="11.288"/>
  <system-out/>
  <testcase classname="runner.dashboard.HRISDashboardSPVRunner" name="runScenario" time="8.659"/>
  <system-out/>
  <testcase classname="runner.dashboard.HRISDashboardSPVRunner" name="runScenario" time="9.436"/>
  <system-out/>
  <testcase classname="runner.dashboard.HRISDashboardSPVRunner" name="runScenario" time="12.204"/>
  <system-out/>
</testsuite> <!-- runner.dashboard.HRISDashboardSPVRunner -->
