<?xml version="1.0" encoding="UTF-8"?>
<!-- Generated by org.testng.reporters.JUnitReportReporter -->
<testsuite hostname="DESKTOP-S76SA9N" failures="2" tests="26" name="runner.pengajuan.HRISCountTanggalCutiRunner" time="423.227" errors="0" timestamp="2022-07-09T11:12:21 ICT" skipped="0">
  <testcase classname="runner.pengajuan.HRISCountTanggalCutiRunner" name="runScenario" time="13.701"/>
  <system-out/>
  <testcase classname="runner.pengajuan.HRISCountTanggalCutiRunner" name="runScenario" time="17.919"/>
  <system-out/>
  <testcase classname="runner.pengajuan.HRISCountTanggalCutiRunner" name="runScenario" time="16.360"/>
  <system-out/>
  <testcase classname="runner.pengajuan.HRISCountTanggalCutiRunner" name="runScenario" time="12.278"/>
  <system-out/>
  <testcase classname="runner.pengajuan.HRISCountTanggalCutiRunner" name="runScenario" time="16.746">
    <failure message="expected [true] but found [false]" type="java.lang.AssertionError">
      <![CDATA[java.lang.AssertionError: expected [true] but found [false]
at org.testng.Assert.fail(Assert.java:110)
at org.testng.Assert.failNotEquals(Assert.java:1413)
at org.testng.Assert.assertTrue(Assert.java:56)
at org.testng.Assert.assertTrue(Assert.java:66)
at definitions.data.HRISBukcetDataDefine.countEquals(HRISBukcetDataDefine.java:360)
at ✽.Count equals 0(file:///D:/Project/Java/TestNG/HRIS/src/test/resources/features/003-MODUL%20PENGAJUAN%20CUTI/HRISCountTanggalCuti.feature:122)
]]>
    </failure>
  </testcase> <!-- runScenario -->
  <system-out/>
  <testcase classname="runner.pengajuan.HRISCountTanggalCutiRunner" name="runScenario" time="17.080"/>
  <system-out/>
  <testcase classname="runner.pengajuan.HRISCountTanggalCutiRunner" name="runScenario" time="16.551"/>
  <system-out/>
  <testcase classname="runner.pengajuan.HRISCountTanggalCutiRunner" name="runScenario" time="12.635"/>
  <system-out/>
  <testcase classname="runner.pengajuan.HRISCountTanggalCutiRunner" name="runScenario" time="16.713"/>
  <system-out/>
  <testcase classname="runner.pengajuan.HRISCountTanggalCutiRunner" name="runScenario" time="18.228"/>
  <system-out/>
  <testcase classname="runner.pengajuan.HRISCountTanggalCutiRunner" name="runScenario" time="17.633"/>
  <system-out/>
  <testcase classname="runner.pengajuan.HRISCountTanggalCutiRunner" name="runScenario" time="12.189"/>
  <system-out/>
  <testcase classname="runner.pengajuan.HRISCountTanggalCutiRunner" name="runScenario" time="11.683"/>
  <system-out/>
  <testcase classname="runner.pengajuan.HRISCountTanggalCutiRunner" name="runScenario" time="18.620"/>
  <system-out/>
  <testcase classname="runner.pengajuan.HRISCountTanggalCutiRunner" name="runScenario" time="16.356">
    <failure message="expected [true] but found [false]" type="java.lang.AssertionError">
      <![CDATA[java.lang.AssertionError: expected [true] but found [false]
at org.testng.Assert.fail(Assert.java:110)
at org.testng.Assert.failNotEquals(Assert.java:1413)
at org.testng.Assert.assertTrue(Assert.java:56)
at org.testng.Assert.assertTrue(Assert.java:66)
at definitions.data.HRISBukcetDataDefine.countEquals(HRISBukcetDataDefine.java:360)
at ✽.Count equals 3(file:///D:/Project/Java/TestNG/HRIS/src/test/resources/features/003-MODUL%20PENGAJUAN%20CUTI/HRISCountTanggalCuti.feature:122)
]]>
    </failure>
  </testcase> <!-- runScenario -->
  <system-out/>
  <testcase classname="runner.pengajuan.HRISCountTanggalCutiRunner" name="runScenario" time="12.284"/>
  <system-out/>
  <testcase classname="runner.pengajuan.HRISCountTanggalCutiRunner" name="runScenario" time="15.933"/>
  <system-out/>
  <testcase classname="runner.pengajuan.HRISCountTanggalCutiRunner" name="runScenario" time="17.244"/>
  <system-out/>
  <testcase classname="runner.pengajuan.HRISCountTanggalCutiRunner" name="runScenario" time="25.029"/>
  <system-out/>
  <testcase classname="runner.pengajuan.HRISCountTanggalCutiRunner" name="runScenario" time="18.502"/>
  <system-out/>
  <testcase classname="runner.pengajuan.HRISCountTanggalCutiRunner" name="runScenario" time="18.344"/>
  <system-out/>
  <testcase classname="runner.pengajuan.HRISCountTanggalCutiRunner" name="runScenario" time="17.904"/>
  <system-out/>
  <testcase classname="runner.pengajuan.HRISCountTanggalCutiRunner" name="runScenario" time="12.197"/>
  <system-out/>
  <testcase classname="runner.pengajuan.HRISCountTanggalCutiRunner" name="runScenario" time="18.882"/>
  <system-out/>
  <testcase classname="runner.pengajuan.HRISCountTanggalCutiRunner" name="runScenario" time="20.398"/>
  <system-out/>
  <testcase classname="runner.pengajuan.HRISCountTanggalCutiRunner" name="runScenario" time="11.818"/>
  <system-out/>
</testsuite> <!-- runner.pengajuan.HRISCountTanggalCutiRunner -->
