<?xml version="1.0" encoding="UTF-8"?>
<!-- Generated by org.testng.reporters.JUnitReportReporter -->
<testsuite hostname="DESKTOP-S76SA9N" failures="0" tests="4" name="runner.dashboard.HRISDashboardMNGRRunner" time="63.368" errors="0" timestamp="2022-07-12T09:39:24 ICT" skipped="0">
  <testcase classname="runner.dashboard.HRISDashboardMNGRRunner" name="runScenario" time="16.072"/>
  <system-out/>
  <testcase classname="runner.dashboard.HRISDashboardMNGRRunner" name="runScenario" time="20.859"/>
  <system-out/>
  <testcase classname="runner.dashboard.HRISDashboardMNGRRunner" name="runScenario" time="12.629"/>
  <system-out/>
  <testcase classname="runner.dashboard.HRISDashboardMNGRRunner" name="runScenario" time="13.808"/>
  <system-out/>
</testsuite> <!-- runner.dashboard.HRISDashboardMNGRRunner -->
