<?xml version="1.0" encoding="UTF-8"?>
<!-- Generated by org.testng.reporters.JUnitReportReporter -->
<testsuite hostname="DESKTOP-S76SA9N" failures="0" tests="2" name="runner.login.HRISPageSignInMNGRRunner" time="14.530" errors="0" timestamp="2022-07-14T21:24:32 ICT" skipped="0">
  <testcase classname="runner.login.HRISPageSignInMNGRRunner" name="runScenario" time="7.177"/>
  <system-out/>
  <testcase classname="runner.login.HRISPageSignInMNGRRunner" name="runScenario" time="7.353"/>
  <system-out/>
</testsuite> <!-- runner.login.HRISPageSignInMNGRRunner -->
