<?xml version="1.0" encoding="UTF-8"?>
<!-- Generated by org.testng.reporters.JUnitReportReporter -->
<testsuite hostname="DESKTOP-S76SA9N" failures="0" tests="2" name="runner.login.HRISLogoutSPVRunner" time="26.927" errors="0" timestamp="2022-07-09T11:12:21 ICT" skipped="0">
  <testcase classname="runner.login.HRISLogoutSPVRunner" name="runScenario" time="13.222"/>
  <system-out/>
  <testcase classname="runner.login.HRISLogoutSPVRunner" name="runScenario" time="13.705"/>
  <system-out/>
</testsuite> <!-- runner.login.HRISLogoutSPVRunner -->
