<?xml version="1.0" encoding="UTF-8"?>
<!-- Generated by org.testng.reporters.JUnitReportReporter -->
<testsuite hostname="DESKTOP-S76SA9N" failures="0" tests="4" name="runner.signature.HRISDrawSignatureMNGRRunner" time="47.759" errors="0" timestamp="2022-07-09T00:37:31 ICT" skipped="0">
  <testcase classname="runner.signature.HRISDrawSignatureMNGRRunner" name="runScenario" time="11.533"/>
  <system-out/>
  <testcase classname="runner.signature.HRISDrawSignatureMNGRRunner" name="runScenario" time="11.175"/>
  <system-out/>
  <testcase classname="runner.signature.HRISDrawSignatureMNGRRunner" name="runScenario" time="14.033"/>
  <system-out/>
  <testcase classname="runner.signature.HRISDrawSignatureMNGRRunner" name="runScenario" time="11.018"/>
  <system-out/>
</testsuite> <!-- runner.signature.HRISDrawSignatureMNGRRunner -->
