<?xml version="1.0" encoding="UTF-8"?>
<!-- Generated by org.testng.reporters.JUnitReportReporter -->
<testsuite hostname="DESKTOP-S76SA9N" failures="0" tests="6" name="runner.login.HRISLoginMNGRRunner" time="88.807" errors="0" timestamp="2022-07-09T00:08:07 ICT" skipped="0">
  <testcase classname="runner.login.HRISLoginMNGRRunner" name="runScenario" time="22.561"/>
  <system-out/>
  <testcase classname="runner.login.HRISLoginMNGRRunner" name="runScenario" time="12.412"/>
  <system-out/>
  <testcase classname="runner.login.HRISLoginMNGRRunner" name="runScenario" time="10.734"/>
  <system-out/>
  <testcase classname="runner.login.HRISLoginMNGRRunner" name="runScenario" time="10.425"/>
  <system-out/>
  <testcase classname="runner.login.HRISLoginMNGRRunner" name="runScenario" time="21.883"/>
  <system-out/>
  <testcase classname="runner.login.HRISLoginMNGRRunner" name="runScenario" time="10.792"/>
  <system-out/>
</testsuite> <!-- runner.login.HRISLoginMNGRRunner -->
