<?xml version="1.0" encoding="UTF-8"?>
<!-- Generated by org.testng.reporters.JUnitReportReporter -->
<testsuite hostname="DESKTOP-S76SA9N" failures="0" tests="7" name="runner.general.HRISLoginRunner" time="105.189" errors="0" timestamp="2022-07-07T15:37:08 ICT" skipped="0">
  <testcase classname="runner.general.HRISLoginRunner" name="runScenario" time="10.721"/>
  <system-out/>
  <testcase classname="runner.general.HRISLoginRunner" name="runScenario" time="11.966"/>
  <system-out/>
  <testcase classname="runner.general.HRISLoginRunner" name="runScenario" time="10.527"/>
  <system-out/>
  <testcase classname="runner.general.HRISLoginRunner" name="runScenario" time="22.154"/>
  <system-out/>
  <testcase classname="runner.general.HRISLoginRunner" name="runScenario" time="22.888"/>
  <system-out/>
  <testcase classname="runner.general.HRISLoginRunner" name="runScenario" time="13.039"/>
  <system-out/>
  <testcase classname="runner.general.HRISLoginRunner" name="runScenario" time="13.894"/>
  <system-out/>
</testsuite> <!-- runner.general.HRISLoginRunner -->
