<?xml version="1.0" encoding="UTF-8"?>
<!-- Generated by org.testng.reporters.JUnitReportReporter -->
<testsuite hostname="DESKTOP-S76SA9N" failures="0" tests="6" name="runner.login.HRISLoginSPVRunner" time="84.549" errors="0" timestamp="2022-07-14T21:24:32 ICT" skipped="0">
  <testcase classname="runner.login.HRISLoginSPVRunner" name="runScenario" time="13.478"/>
  <system-out/>
  <testcase classname="runner.login.HRISLoginSPVRunner" name="runScenario" time="8.939"/>
  <system-out/>
  <testcase classname="runner.login.HRISLoginSPVRunner" name="runScenario" time="9.808"/>
  <system-out/>
  <testcase classname="runner.login.HRISLoginSPVRunner" name="runScenario" time="9.412"/>
  <system-out/>
  <testcase classname="runner.login.HRISLoginSPVRunner" name="runScenario" time="21.976"/>
  <system-out/>
  <testcase classname="runner.login.HRISLoginSPVRunner" name="runScenario" time="20.936"/>
  <system-out/>
</testsuite> <!-- runner.login.HRISLoginSPVRunner -->
