<?xml version="1.0" encoding="UTF-8"?>
<!-- Generated by org.testng.reporters.JUnitReportReporter -->
<testsuite hostname="DESKTOP-S76SA9N" failures="0" tests="4" name="runner.HRISCutiAnnualRunner" time="61.734" errors="0" timestamp="2022-07-05T21:17:49 ICT" skipped="0">
  <testcase classname="runner.HRISCutiAnnualRunner" name="runScenario" time="14.597"/>
  <system-out/>
  <testcase classname="runner.HRISCutiAnnualRunner" name="runScenario" time="18.353"/>
  <system-out/>
  <testcase classname="runner.HRISCutiAnnualRunner" name="runScenario" time="15.543"/>
  <system-out/>
  <testcase classname="runner.HRISCutiAnnualRunner" name="runScenario" time="13.241"/>
  <system-out/>
</testsuite> <!-- runner.HRISCutiAnnualRunner -->
