<?xml version="1.0" encoding="UTF-8"?>
<!-- Generated by org.testng.reporters.JUnitReportReporter -->
<testsuite hostname="DESKTOP-S76SA9N" failures="0" tests="4" name="runner.signature.HRISDrawSignatureSPVRunner" time="40.848" errors="0" timestamp="2022-07-09T11:12:21 ICT" skipped="0">
  <testcase classname="runner.signature.HRISDrawSignatureSPVRunner" name="runScenario" time="10.338"/>
  <system-out/>
  <testcase classname="runner.signature.HRISDrawSignatureSPVRunner" name="runScenario" time="10.161"/>
  <system-out/>
  <testcase classname="runner.signature.HRISDrawSignatureSPVRunner" name="runScenario" time="8.710"/>
  <system-out/>
  <testcase classname="runner.signature.HRISDrawSignatureSPVRunner" name="runScenario" time="11.639"/>
  <system-out/>
</testsuite> <!-- runner.signature.HRISDrawSignatureSPVRunner -->
