<?xml version="1.0" encoding="UTF-8"?>
<!-- Generated by org.testng.reporters.JUnitReportReporter -->
<testsuite hostname="DESKTOP-S76SA9N" failures="0" tests="4" name="runner.pengajuan.HRISNotesRunner" time="96.508" errors="0" timestamp="2022-07-07T15:23:21 ICT" skipped="0">
  <testcase classname="runner.pengajuan.HRISNotesRunner" name="runScenario" time="31.721"/>
  <system-out/>
  <testcase classname="runner.pengajuan.HRISNotesRunner" name="runScenario" time="24.270"/>
  <system-out/>
  <testcase classname="runner.pengajuan.HRISNotesRunner" name="runScenario" time="18.985"/>
  <system-out/>
  <testcase classname="runner.pengajuan.HRISNotesRunner" name="runScenario" time="21.532"/>
  <system-out/>
</testsuite> <!-- runner.pengajuan.HRISNotesRunner -->
