<?xml version="1.0" encoding="UTF-8"?>
<!-- Generated by org.testng.reporters.JUnitReportReporter -->
<testsuite hostname="DESKTOP-S76SA9N" failures="5" tests="8" name="runner.pengajuan.HRISSearchAndEntriesRunner" time="95.771" errors="0" timestamp="2022-07-12T14:57:57 ICT" skipped="0">
  <testcase classname="runner.pengajuan.HRISSearchAndEntriesRunner" name="runScenario" time="11.775">
    <failure message="expected [true] but found [false]" type="java.lang.AssertionError">
      <![CDATA[java.lang.AssertionError: expected [true] but found [false]
at org.testng.Assert.fail(Assert.java:110)
at org.testng.Assert.failNotEquals(Assert.java:1413)
at org.testng.Assert.assertTrue(Assert.java:56)
at org.testng.Assert.assertTrue(Assert.java:66)
at definitions.data.HRISBukcetDataDefine.validateSearch(HRISBukcetDataDefine.java:520)
at ✽.User validate search 90(file:///D:/Project/Java/TestNG/HRIS/src/test/resources/features/003-MODUL%20PENGAJUAN%20CUTI/HRISSearchAndEntries.feature:43)
]]>
    </failure>
  </testcase> <!-- runScenario -->
  <system-out/>
  <testcase classname="runner.pengajuan.HRISSearchAndEntriesRunner" name="runScenario" time="12.927">
    <failure message="expected [true] but found [false]" type="java.lang.AssertionError">
      <![CDATA[java.lang.AssertionError: expected [true] but found [false]
at org.testng.Assert.fail(Assert.java:110)
at org.testng.Assert.failNotEquals(Assert.java:1413)
at org.testng.Assert.assertTrue(Assert.java:56)
at org.testng.Assert.assertTrue(Assert.java:66)
at definitions.data.HRISBukcetDataDefine.validateSearch(HRISBukcetDataDefine.java:517)
at ✽.User validate search November(file:///D:/Project/Java/TestNG/HRIS/src/test/resources/features/003-MODUL%20PENGAJUAN%20CUTI/HRISSearchAndEntries.feature:43)
]]>
    </failure>
  </testcase> <!-- runScenario -->
  <system-out/>
  <testcase classname="runner.pengajuan.HRISSearchAndEntriesRunner" name="runScenario" time="12.204">
    <failure message="expected [true] but found [false]" type="java.lang.AssertionError">
      <![CDATA[java.lang.AssertionError: expected [true] but found [false]
at org.testng.Assert.fail(Assert.java:110)
at org.testng.Assert.failNotEquals(Assert.java:1413)
at org.testng.Assert.assertTrue(Assert.java:56)
at org.testng.Assert.assertTrue(Assert.java:66)
at definitions.data.HRISBukcetDataDefine.validateSearch(HRISBukcetDataDefine.java:523)
at ✽.User validate search Annual(file:///D:/Project/Java/TestNG/HRIS/src/test/resources/features/003-MODUL%20PENGAJUAN%20CUTI/HRISSearchAndEntries.feature:43)
]]>
    </failure>
  </testcase> <!-- runScenario -->
  <system-out/>
  <testcase classname="runner.pengajuan.HRISSearchAndEntriesRunner" name="runScenario" time="10.237"/>
  <system-out/>
  <testcase classname="runner.pengajuan.HRISSearchAndEntriesRunner" name="runScenario" time="9.578"/>
  <system-out/>
  <testcase classname="runner.pengajuan.HRISSearchAndEntriesRunner" name="runScenario" time="12.445">
    <failure message="expected [true] but found [false]" type="java.lang.AssertionError">
      <![CDATA[java.lang.AssertionError: expected [true] but found [false]
at org.testng.Assert.fail(Assert.java:110)
at org.testng.Assert.failNotEquals(Assert.java:1413)
at org.testng.Assert.assertTrue(Assert.java:56)
at org.testng.Assert.assertTrue(Assert.java:66)
at definitions.data.HRISBukcetDataDefine.validateSearch(HRISBukcetDataDefine.java:526)
at ✽.User validate search persalinan(file:///D:/Project/Java/TestNG/HRIS/src/test/resources/features/003-MODUL%20PENGAJUAN%20CUTI/HRISSearchAndEntries.feature:43)
]]>
    </failure>
  </testcase> <!-- runScenario -->
  <system-out/>
  <testcase classname="runner.pengajuan.HRISSearchAndEntriesRunner" name="runScenario" time="11.829"/>
  <system-out/>
  <testcase classname="runner.pengajuan.HRISSearchAndEntriesRunner" name="runScenario" time="14.776">
    <failure message="expected [true] but found [false]" type="java.lang.AssertionError">
      <![CDATA[java.lang.AssertionError: expected [true] but found [false]
at org.testng.Assert.fail(Assert.java:110)
at org.testng.Assert.failNotEquals(Assert.java:1413)
at org.testng.Assert.assertTrue(Assert.java:56)
at org.testng.Assert.assertTrue(Assert.java:66)
at definitions.data.HRISBukcetDataDefine.validateSearch(HRISBukcetDataDefine.java:529)
at ✽.User validate search Incomplete(file:///D:/Project/Java/TestNG/HRIS/src/test/resources/features/003-MODUL%20PENGAJUAN%20CUTI/HRISSearchAndEntries.feature:43)
]]>
    </failure>
  </testcase> <!-- runScenario -->
  <system-out/>
</testsuite> <!-- runner.pengajuan.HRISSearchAndEntriesRunner -->
