<?xml version="1.0" encoding="UTF-8"?>
<!-- Generated by org.testng.reporters.JUnitReportReporter -->
<testsuite hostname="DESKTOP-S76SA9N" failures="0" tests="3" name="runner.pengajuan.HRISCutiAnnualRunner" time="68.116" errors="0" timestamp="2022-07-07T14:00:52 ICT" skipped="0">
  <testcase classname="runner.pengajuan.HRISCutiAnnualRunner" name="runScenario" time="32.626"/>
  <system-out/>
  <testcase classname="runner.pengajuan.HRISCutiAnnualRunner" name="runScenario" time="15.174"/>
  <system-out/>
  <testcase classname="runner.pengajuan.HRISCutiAnnualRunner" name="runScenario" time="20.316"/>
  <system-out/>
</testsuite> <!-- runner.pengajuan.HRISCutiAnnualRunner -->
