<?xml version="1.0" encoding="UTF-8"?>
<!-- Generated by org.testng.reporters.JUnitReportReporter -->
<testsuite hostname="DESKTOP-S76SA9N" failures="0" tests="2" name="runner.login.HRISLogoutSPVRunner" time="28.254" errors="0" timestamp="2022-07-13T01:46:46 ICT" skipped="0">
  <testcase classname="runner.login.HRISLogoutSPVRunner" name="runScenario" time="15.542"/>
  <system-out/>
  <testcase classname="runner.login.HRISLogoutSPVRunner" name="runScenario" time="12.712"/>
  <system-out/>
</testsuite> <!-- runner.login.HRISLogoutSPVRunner -->
