<?xml version="1.0" encoding="UTF-8"?>
<!-- Generated by org.testng.reporters.JUnitReportReporter -->
<testsuite hostname="DESKTOP-S76SA9N" failures="0" tests="6" name="runner.login.HRISLoginMNGRRunner" time="89.784" errors="0" timestamp="2022-07-14T21:24:32 ICT" skipped="0">
  <testcase classname="runner.login.HRISLoginMNGRRunner" name="runScenario" time="19.116"/>
  <system-out/>
  <testcase classname="runner.login.HRISLoginMNGRRunner" name="runScenario" time="9.667"/>
  <system-out/>
  <testcase classname="runner.login.HRISLoginMNGRRunner" name="runScenario" time="20.686"/>
  <system-out/>
  <testcase classname="runner.login.HRISLoginMNGRRunner" name="runScenario" time="9.245"/>
  <system-out/>
  <testcase classname="runner.login.HRISLoginMNGRRunner" name="runScenario" time="10.289"/>
  <system-out/>
  <testcase classname="runner.login.HRISLoginMNGRRunner" name="runScenario" time="20.781"/>
  <system-out/>
</testsuite> <!-- runner.login.HRISLoginMNGRRunner -->
