<?xml version="1.0" encoding="UTF-8"?>
<!-- Generated by org.testng.reporters.JUnitReportReporter -->
<testsuite hostname="DESKTOP-S76SA9N" failures="0" tests="2" name="runner.login.HRISLogoutSPVRunner" time="29.082" errors="0" timestamp="2022-07-10T22:47:09 ICT" skipped="0">
  <testcase classname="runner.login.HRISLogoutSPVRunner" name="runScenario" time="12.548"/>
  <system-out/>
  <testcase classname="runner.login.HRISLogoutSPVRunner" name="runScenario" time="16.534"/>
  <system-out/>
</testsuite> <!-- runner.login.HRISLogoutSPVRunner -->
