<?xml version="1.0" encoding="UTF-8"?>
<!-- Generated by org.testng.reporters.JUnitReportReporter -->
<testsuite hostname="DESKTOP-S76SA9N" failures="0" tests="6" name="runner.login.HRISLoginMNGRRunner" time="90.707" errors="0" timestamp="2022-07-13T01:46:46 ICT" skipped="0">
  <testcase classname="runner.login.HRISLoginMNGRRunner" name="runScenario" time="14.926"/>
  <system-out/>
  <testcase classname="runner.login.HRISLoginMNGRRunner" name="runScenario" time="10.630"/>
  <system-out/>
  <testcase classname="runner.login.HRISLoginMNGRRunner" name="runScenario" time="21.809"/>
  <system-out/>
  <testcase classname="runner.login.HRISLoginMNGRRunner" name="runScenario" time="10.352"/>
  <system-out/>
  <testcase classname="runner.login.HRISLoginMNGRRunner" name="runScenario" time="22.537"/>
  <system-out/>
  <testcase classname="runner.login.HRISLoginMNGRRunner" name="runScenario" time="10.453"/>
  <system-out/>
</testsuite> <!-- runner.login.HRISLoginMNGRRunner -->
