<?xml version="1.0" encoding="UTF-8"?>
<!-- Generated by org.testng.reporters.JUnitReportReporter -->
<testsuite hostname="DESKTOP-S76SA9N" failures="0" tests="4" name="runner.dashboard.HRISDashboardMNGRRunner" time="47.084" errors="0" timestamp="2022-07-13T01:46:46 ICT" skipped="0">
  <testcase classname="runner.dashboard.HRISDashboardMNGRRunner" name="runScenario" time="12.667"/>
  <system-out/>
  <testcase classname="runner.dashboard.HRISDashboardMNGRRunner" name="runScenario" time="9.937"/>
  <system-out/>
  <testcase classname="runner.dashboard.HRISDashboardMNGRRunner" name="runScenario" time="12.397"/>
  <system-out/>
  <testcase classname="runner.dashboard.HRISDashboardMNGRRunner" name="runScenario" time="12.083"/>
  <system-out/>
</testsuite> <!-- runner.dashboard.HRISDashboardMNGRRunner -->
